===2018-05-07 09:33:59.089 INFO  com.core.tbIetpCoreApplication Line:50  - Starting tbIetpCoreApplication on KING with PID 10516 (E:\founder\work-tvm\tbIetp-core\target\classes started by user in E:\founder\work-tvm\tbIetp-core)
===2018-05-07 09:33:59.127 INFO  com.core.tbIetpCoreApplication Line:663 - The following profiles are active: dev
===2018-05-07 09:33:59.280 INFO  org.springframework.boot.web.servlet.context.AnnotationConfigServletWebServerApplicationContext Line:590 - Refreshing org.springframework.boot.web.servlet.context.AnnotationConfigServletWebServerApplicationContext@6e509ffa: startup date [Mon May 07 09:33:59 CST 2018]; root of context hierarchy
===2018-05-07 09:34:02.263 INFO  org.springframework.data.repository.config.RepositoryConfigurationDelegate Line:163 - Multiple Spring Data modules found, entering strict repository configuration mode!
===2018-05-07 09:34:03.039 INFO  org.springframework.context.support.PostProcessorRegistrationDelegate$BeanPostProcessorChecker Line:328 - Bean 'org.springframework.transaction.annotation.ProxyTransactionManagementConfiguration' of type [org.springframework.transaction.annotation.ProxyTransactionManagementConfiguration$$EnhancerBySpringCGLIB$$eb2565c1] is not eligible for getting processed by all BeanPostProcessors (for example: not eligible for auto-proxying)
===2018-05-07 09:34:04.867 INFO  org.springframework.boot.web.embedded.tomcat.TomcatWebServer Line:91  - Tomcat initialized with port(s): 80 (http)
===2018-05-07 09:34:05.095 INFO  org.springframework.web.context.ContextLoader Line:285 - Root WebApplicationContext: initialization completed in 5815 ms
===2018-05-07 09:34:05.361 INFO  org.springframework.boot.web.servlet.ServletRegistrationBean Line:185 - Servlet dispatcherServlet mapped to [/]
===2018-05-07 09:34:05.362 INFO  org.springframework.boot.web.servlet.ServletRegistrationBean Line:185 - Servlet statViewServlet mapped to [/druid/*]
===2018-05-07 09:34:05.367 INFO  org.springframework.boot.web.servlet.FilterRegistrationBean Line:244 - Mapping filter: 'characterEncodingFilter' to: [/*]
===2018-05-07 09:34:05.367 INFO  org.springframework.boot.web.servlet.FilterRegistrationBean Line:244 - Mapping filter: 'hiddenHttpMethodFilter' to: [/*]
===2018-05-07 09:34:05.367 INFO  org.springframework.boot.web.servlet.FilterRegistrationBean Line:244 - Mapping filter: 'httpPutFormContentFilter' to: [/*]
===2018-05-07 09:34:05.367 INFO  org.springframework.boot.web.servlet.FilterRegistrationBean Line:244 - Mapping filter: 'requestContextFilter' to: [/*]
===2018-05-07 09:34:05.368 INFO  org.springframework.boot.web.servlet.FilterRegistrationBean Line:257 - Mapping filter: 'webStatFilter' to urls: [/*]
===2018-05-07 09:34:35.048 INFO  com.core.tbIetpCoreApplication Line:50  - Starting tbIetpCoreApplication on KING with PID 15908 (E:\founder\work-tvm\tbIetp-core\target\classes started by user in E:\founder\work-tvm\tbIetp-core)
===2018-05-07 09:34:35.048 INFO  com.core.tbIetpCoreApplication Line:663 - The following profiles are active: dev
===2018-05-07 09:34:35.248 INFO  org.springframework.boot.web.servlet.context.AnnotationConfigServletWebServerApplicationContext Line:590 - Refreshing org.springframework.boot.web.servlet.context.AnnotationConfigServletWebServerApplicationContext@6e509ffa: startup date [Mon May 07 09:34:35 CST 2018]; root of context hierarchy
===2018-05-07 09:34:37.036 INFO  org.springframework.data.repository.config.RepositoryConfigurationDelegate Line:163 - Multiple Spring Data modules found, entering strict repository configuration mode!
===2018-05-07 09:34:38.465 INFO  org.springframework.context.support.PostProcessorRegistrationDelegate$BeanPostProcessorChecker Line:328 - Bean 'org.springframework.transaction.annotation.ProxyTransactionManagementConfiguration' of type [org.springframework.transaction.annotation.ProxyTransactionManagementConfiguration$$EnhancerBySpringCGLIB$$7bee554d] is not eligible for getting processed by all BeanPostProcessors (for example: not eligible for auto-proxying)
===2018-05-07 09:34:39.528 INFO  org.springframework.boot.web.embedded.tomcat.TomcatWebServer Line:91  - Tomcat initialized with port(s): 80 (http)
===2018-05-07 09:34:39.789 INFO  org.springframework.web.context.ContextLoader Line:285 - Root WebApplicationContext: initialization completed in 4541 ms
===2018-05-07 09:34:40.117 INFO  org.springframework.boot.web.servlet.ServletRegistrationBean Line:185 - Servlet dispatcherServlet mapped to [/]
===2018-05-07 09:34:40.129 INFO  org.springframework.boot.web.servlet.ServletRegistrationBean Line:185 - Servlet statViewServlet mapped to [/druid/*]
===2018-05-07 09:34:40.129 INFO  org.springframework.boot.web.servlet.FilterRegistrationBean Line:244 - Mapping filter: 'characterEncodingFilter' to: [/*]
===2018-05-07 09:34:40.129 INFO  org.springframework.boot.web.servlet.FilterRegistrationBean Line:244 - Mapping filter: 'hiddenHttpMethodFilter' to: [/*]
===2018-05-07 09:34:40.129 INFO  org.springframework.boot.web.servlet.FilterRegistrationBean Line:244 - Mapping filter: 'httpPutFormContentFilter' to: [/*]
===2018-05-07 09:34:40.129 INFO  org.springframework.boot.web.servlet.FilterRegistrationBean Line:244 - Mapping filter: 'requestContextFilter' to: [/*]
===2018-05-07 09:34:40.129 INFO  org.springframework.boot.web.servlet.FilterRegistrationBean Line:257 - Mapping filter: 'webStatFilter' to urls: [/*]
===2018-05-07 09:36:27.140 INFO  com.core.tbIetpCoreApplication Line:50  - Starting tbIetpCoreApplication on KING with PID 18048 (E:\founder\work-tvm\tbIetp-core\target\classes started by user in E:\founder\work-tvm\tbIetp-core)
===2018-05-07 09:36:27.160 INFO  com.core.tbIetpCoreApplication Line:663 - The following profiles are active: dev
===2018-05-07 09:36:27.450 INFO  org.springframework.boot.web.servlet.context.AnnotationConfigServletWebServerApplicationContext Line:590 - Refreshing org.springframework.boot.web.servlet.context.AnnotationConfigServletWebServerApplicationContext@6e509ffa: startup date [Mon May 07 09:36:27 CST 2018]; root of context hierarchy
===2018-05-07 09:36:31.770 INFO  org.springframework.data.repository.config.RepositoryConfigurationDelegate Line:163 - Multiple Spring Data modules found, entering strict repository configuration mode!
===2018-05-07 09:36:33.108 INFO  org.springframework.context.support.PostProcessorRegistrationDelegate$BeanPostProcessorChecker Line:328 - Bean 'org.springframework.transaction.annotation.ProxyTransactionManagementConfiguration' of type [org.springframework.transaction.annotation.ProxyTransactionManagementConfiguration$$EnhancerBySpringCGLIB$$9108ce8] is not eligible for getting processed by all BeanPostProcessors (for example: not eligible for auto-proxying)
===2018-05-07 09:36:37.198 INFO  org.springframework.boot.web.embedded.tomcat.TomcatWebServer Line:91  - Tomcat initialized with port(s): 80 (http)
===2018-05-07 09:36:37.947 INFO  org.springframework.web.context.ContextLoader Line:285 - Root WebApplicationContext: initialization completed in 10497 ms
===2018-05-07 09:36:38.192 INFO  org.springframework.boot.web.servlet.ServletRegistrationBean Line:185 - Servlet dispatcherServlet mapped to [/]
===2018-05-07 09:36:38.194 INFO  org.springframework.boot.web.servlet.ServletRegistrationBean Line:185 - Servlet statViewServlet mapped to [/druid/*]
===2018-05-07 09:36:38.199 INFO  org.springframework.boot.web.servlet.FilterRegistrationBean Line:244 - Mapping filter: 'characterEncodingFilter' to: [/*]
===2018-05-07 09:36:38.199 INFO  org.springframework.boot.web.servlet.FilterRegistrationBean Line:244 - Mapping filter: 'hiddenHttpMethodFilter' to: [/*]
===2018-05-07 09:36:38.200 INFO  org.springframework.boot.web.servlet.FilterRegistrationBean Line:244 - Mapping filter: 'httpPutFormContentFilter' to: [/*]
===2018-05-07 09:36:38.200 INFO  org.springframework.boot.web.servlet.FilterRegistrationBean Line:244 - Mapping filter: 'requestContextFilter' to: [/*]
===2018-05-07 09:36:38.200 INFO  org.springframework.boot.web.servlet.FilterRegistrationBean Line:257 - Mapping filter: 'webStatFilter' to urls: [/*]
===2018-05-07 09:36:41.967 INFO  org.springframework.web.servlet.handler.SimpleUrlHandlerMapping Line:373 - Mapped URL path [/**/favicon.ico] onto handler of type [class org.springframework.web.servlet.resource.ResourceHttpRequestHandler]
===2018-05-07 09:36:43.122 INFO  org.springframework.web.servlet.mvc.method.annotation.RequestMappingHandlerAdapter Line:574 - Looking for @ControllerAdvice: org.springframework.boot.web.servlet.context.AnnotationConfigServletWebServerApplicationContext@6e509ffa: startup date [Mon May 07 09:36:27 CST 2018]; root of context hierarchy
===2018-05-07 09:36:43.447 INFO  org.springframework.web.servlet.mvc.method.annotation.RequestMappingHandlerMapping Line:547 - Mapped "{[/user/add],methods=[GET]}" onto public void com.core.controller.UserController.add()
===2018-05-07 09:36:43.448 INFO  org.springframework.web.servlet.mvc.method.annotation.RequestMappingHandlerMapping Line:547 - Mapped "{[/user/all],methods=[GET]}" onto public java.lang.Object com.core.controller.UserController.findAllUser(int,int)
===2018-05-07 09:36:43.462 INFO  org.springframework.web.servlet.mvc.method.annotation.RequestMappingHandlerMapping Line:547 - Mapped "{[/error]}" onto public org.springframework.http.ResponseEntity<java.util.Map<java.lang.String, java.lang.Object>> org.springframework.boot.autoconfigure.web.servlet.error.BasicErrorController.error(javax.servlet.http.HttpServletRequest)
===2018-05-07 09:36:43.463 INFO  org.springframework.web.servlet.mvc.method.annotation.RequestMappingHandlerMapping Line:547 - Mapped "{[/error],produces=[text/html]}" onto public org.springframework.web.servlet.ModelAndView org.springframework.boot.autoconfigure.web.servlet.error.BasicErrorController.errorHtml(javax.servlet.http.HttpServletRequest,javax.servlet.http.HttpServletResponse)
===2018-05-07 09:36:43.543 INFO  org.springframework.web.servlet.handler.SimpleUrlHandlerMapping Line:373 - Mapped URL path [/webjars/**] onto handler of type [class org.springframework.web.servlet.resource.ResourceHttpRequestHandler]
===2018-05-07 09:36:43.545 INFO  org.springframework.web.servlet.handler.SimpleUrlHandlerMapping Line:373 - Mapped URL path [/**] onto handler of type [class org.springframework.web.servlet.resource.ResourceHttpRequestHandler]
===2018-05-07 09:36:44.929 INFO  org.springframework.jmx.export.annotation.AnnotationMBeanExporter Line:433 - Registering beans for JMX exposure on startup
===2018-05-07 09:36:44.937 INFO  org.springframework.jmx.export.annotation.AnnotationMBeanExporter Line:895 - Bean with name 'dataSource' has been autodetected for JMX exposure
===2018-05-07 09:36:44.949 INFO  org.springframework.jmx.export.annotation.AnnotationMBeanExporter Line:668 - Located MBean 'dataSource': registering with JMX server as MBean [com.alibaba.druid.pool:name=dataSource,type=DruidDataSource]
===2018-05-07 09:36:45.423 INFO  org.springframework.boot.web.embedded.tomcat.TomcatWebServer Line:206 - Tomcat started on port(s): 80 (http) with context path ''
===2018-05-07 09:36:45.431 INFO  com.core.tbIetpCoreApplication Line:59  - Started tbIetpCoreApplication in 19.508 seconds (JVM running for 19.994)
===2018-05-07 09:56:12.815 INFO  com.core.tbIetpCoreApplication Line:50  - Starting tbIetpCoreApplication on KING with PID 3764 (E:\founder\work-tvm\tbIetp-core\target\classes started by user in E:\founder\work-tvm\tbIetp-core)
===2018-05-07 09:56:12.817 INFO  com.core.tbIetpCoreApplication Line:663 - The following profiles are active: dev
===2018-05-07 09:56:12.995 INFO  org.springframework.boot.web.servlet.context.AnnotationConfigServletWebServerApplicationContext Line:590 - Refreshing org.springframework.boot.web.servlet.context.AnnotationConfigServletWebServerApplicationContext@6e509ffa: startup date [Mon May 07 09:56:12 CST 2018]; root of context hierarchy
===2018-05-07 09:56:14.106 INFO  org.springframework.beans.factory.support.DefaultListableBeanFactory Line:824 - Overriding bean definition for bean 'subordinationDataSource' with a different definition: replacing [Root bean: class [null]; scope=; abstract=false; lazyInit=false; autowireMode=3; dependencyCheck=0; autowireCandidate=true; primary=false; factoryBeanName=dataSourceConfig2; factoryMethodName=sqlSessionFactory; initMethodName=null; destroyMethodName=(inferred); defined in class path resource [com/core/config/DataSourceConfig2.class]] with [Root bean: class [null]; scope=; abstract=false; lazyInit=false; autowireMode=3; dependencyCheck=0; autowireCandidate=true; primary=false; factoryBeanName=druidDBConfig2; factoryMethodName=dataSource; initMethodName=null; destroyMethodName=(inferred); defined in class path resource [com/core/config/DruidDBConfig2.class]]
===2018-05-07 09:56:14.361 INFO  org.springframework.data.repository.config.RepositoryConfigurationDelegate Line:163 - Multiple Spring Data modules found, entering strict repository configuration mode!
===2018-05-07 09:56:15.132 INFO  org.springframework.context.support.PostProcessorRegistrationDelegate$BeanPostProcessorChecker Line:328 - Bean 'org.springframework.transaction.annotation.ProxyTransactionManagementConfiguration' of type [org.springframework.transaction.annotation.ProxyTransactionManagementConfiguration$$EnhancerBySpringCGLIB$$5c0d988] is not eligible for getting processed by all BeanPostProcessors (for example: not eligible for auto-proxying)
===2018-05-07 09:56:16.073 INFO  org.springframework.boot.web.embedded.tomcat.TomcatWebServer Line:91  - Tomcat initialized with port(s): 80 (http)
===2018-05-07 09:56:16.271 INFO  org.springframework.web.context.ContextLoader Line:285 - Root WebApplicationContext: initialization completed in 3276 ms
===2018-05-07 09:56:16.506 INFO  org.springframework.boot.web.servlet.ServletRegistrationBean Line:185 - Servlet dispatcherServlet mapped to [/]
===2018-05-07 09:56:16.508 INFO  org.springframework.boot.web.servlet.ServletRegistrationBean Line:185 - Servlet statViewServlet mapped to [/druid/*]
===2018-05-07 09:56:16.513 INFO  org.springframework.boot.web.servlet.FilterRegistrationBean Line:244 - Mapping filter: 'characterEncodingFilter' to: [/*]
===2018-05-07 09:56:16.514 INFO  org.springframework.boot.web.servlet.FilterRegistrationBean Line:244 - Mapping filter: 'hiddenHttpMethodFilter' to: [/*]
===2018-05-07 09:56:16.514 INFO  org.springframework.boot.web.servlet.FilterRegistrationBean Line:244 - Mapping filter: 'httpPutFormContentFilter' to: [/*]
===2018-05-07 09:56:16.515 INFO  org.springframework.boot.web.servlet.FilterRegistrationBean Line:244 - Mapping filter: 'requestContextFilter' to: [/*]
===2018-05-07 09:56:16.516 INFO  org.springframework.boot.web.servlet.FilterRegistrationBean Line:257 - Mapping filter: 'webStatFilter' to urls: [/*]
===2018-05-07 09:58:00.575 INFO  com.core.tbIetpCoreApplication Line:50  - Starting tbIetpCoreApplication on KING with PID 11208 (E:\founder\work-tvm\tbIetp-core\target\classes started by user in E:\founder\work-tvm\tbIetp-core)
===2018-05-07 09:58:00.575 INFO  com.core.tbIetpCoreApplication Line:663 - The following profiles are active: dev
===2018-05-07 09:58:00.705 INFO  org.springframework.boot.web.servlet.context.AnnotationConfigServletWebServerApplicationContext Line:590 - Refreshing org.springframework.boot.web.servlet.context.AnnotationConfigServletWebServerApplicationContext@60015ef5: startup date [Mon May 07 09:58:00 CST 2018]; root of context hierarchy
===2018-05-07 09:58:01.902 INFO  org.springframework.beans.factory.support.DefaultListableBeanFactory Line:824 - Overriding bean definition for bean 'subordinationDataSource' with a different definition: replacing [Root bean: class [null]; scope=; abstract=false; lazyInit=false; autowireMode=3; dependencyCheck=0; autowireCandidate=true; primary=false; factoryBeanName=dataSourceConfig2; factoryMethodName=sqlSessionFactory; initMethodName=null; destroyMethodName=(inferred); defined in class path resource [com/core/config/DataSourceConfig2.class]] with [Root bean: class [null]; scope=; abstract=false; lazyInit=false; autowireMode=3; dependencyCheck=0; autowireCandidate=true; primary=false; factoryBeanName=druidDBConfig2; factoryMethodName=dataSource; initMethodName=null; destroyMethodName=(inferred); defined in class path resource [com/core/config/DruidDBConfig2.class]]
===2018-05-07 09:58:02.192 INFO  org.springframework.data.repository.config.RepositoryConfigurationDelegate Line:163 - Multiple Spring Data modules found, entering strict repository configuration mode!
===2018-05-07 09:58:02.941 INFO  org.springframework.context.support.PostProcessorRegistrationDelegate$BeanPostProcessorChecker Line:328 - Bean 'org.springframework.transaction.annotation.ProxyTransactionManagementConfiguration' of type [org.springframework.transaction.annotation.ProxyTransactionManagementConfiguration$$EnhancerBySpringCGLIB$$a81da618] is not eligible for getting processed by all BeanPostProcessors (for example: not eligible for auto-proxying)
===2018-05-07 09:58:03.733 INFO  org.springframework.boot.web.embedded.tomcat.TomcatWebServer Line:91  - Tomcat initialized with port(s): 80 (http)
===2018-05-07 09:58:03.933 INFO  org.springframework.web.context.ContextLoader Line:285 - Root WebApplicationContext: initialization completed in 3228 ms
===2018-05-07 09:58:04.170 INFO  org.springframework.boot.web.servlet.ServletRegistrationBean Line:185 - Servlet dispatcherServlet mapped to [/]
===2018-05-07 09:58:04.172 INFO  org.springframework.boot.web.servlet.ServletRegistrationBean Line:185 - Servlet statViewServlet mapped to [/druid/*]
===2018-05-07 09:58:04.177 INFO  org.springframework.boot.web.servlet.FilterRegistrationBean Line:244 - Mapping filter: 'characterEncodingFilter' to: [/*]
===2018-05-07 09:58:04.178 INFO  org.springframework.boot.web.servlet.FilterRegistrationBean Line:244 - Mapping filter: 'hiddenHttpMethodFilter' to: [/*]
===2018-05-07 09:58:04.180 INFO  org.springframework.boot.web.servlet.FilterRegistrationBean Line:244 - Mapping filter: 'httpPutFormContentFilter' to: [/*]
===2018-05-07 09:58:04.181 INFO  org.springframework.boot.web.servlet.FilterRegistrationBean Line:244 - Mapping filter: 'requestContextFilter' to: [/*]
===2018-05-07 09:58:04.181 INFO  org.springframework.boot.web.servlet.FilterRegistrationBean Line:257 - Mapping filter: 'webStatFilter' to urls: [/*]
===2018-05-07 09:58:06.418 INFO  org.springframework.web.servlet.handler.SimpleUrlHandlerMapping Line:373 - Mapped URL path [/**/favicon.ico] onto handler of type [class org.springframework.web.servlet.resource.ResourceHttpRequestHandler]
===2018-05-07 09:58:07.182 INFO  org.springframework.web.servlet.mvc.method.annotation.RequestMappingHandlerAdapter Line:574 - Looking for @ControllerAdvice: org.springframework.boot.web.servlet.context.AnnotationConfigServletWebServerApplicationContext@60015ef5: startup date [Mon May 07 09:58:00 CST 2018]; root of context hierarchy
===2018-05-07 09:58:07.335 INFO  org.springframework.web.servlet.mvc.method.annotation.RequestMappingHandlerMapping Line:547 - Mapped "{[/user/add],methods=[GET]}" onto public void com.core.controller.UserController.add()
===2018-05-07 09:58:07.337 INFO  org.springframework.web.servlet.mvc.method.annotation.RequestMappingHandlerMapping Line:547 - Mapped "{[/user/all],methods=[GET]}" onto public java.lang.Object com.core.controller.UserController.findAllUser(int,int)
===2018-05-07 09:58:07.346 INFO  org.springframework.web.servlet.mvc.method.annotation.RequestMappingHandlerMapping Line:547 - Mapped "{[/error]}" onto public org.springframework.http.ResponseEntity<java.util.Map<java.lang.String, java.lang.Object>> org.springframework.boot.autoconfigure.web.servlet.error.BasicErrorController.error(javax.servlet.http.HttpServletRequest)
===2018-05-07 09:58:07.347 INFO  org.springframework.web.servlet.mvc.method.annotation.RequestMappingHandlerMapping Line:547 - Mapped "{[/error],produces=[text/html]}" onto public org.springframework.web.servlet.ModelAndView org.springframework.boot.autoconfigure.web.servlet.error.BasicErrorController.errorHtml(javax.servlet.http.HttpServletRequest,javax.servlet.http.HttpServletResponse)
===2018-05-07 09:58:07.456 INFO  org.springframework.web.servlet.handler.SimpleUrlHandlerMapping Line:373 - Mapped URL path [/webjars/**] onto handler of type [class org.springframework.web.servlet.resource.ResourceHttpRequestHandler]
===2018-05-07 09:58:07.456 INFO  org.springframework.web.servlet.handler.SimpleUrlHandlerMapping Line:373 - Mapped URL path [/**] onto handler of type [class org.springframework.web.servlet.resource.ResourceHttpRequestHandler]
===2018-05-07 09:58:08.132 INFO  org.springframework.jmx.export.annotation.AnnotationMBeanExporter Line:433 - Registering beans for JMX exposure on startup
===2018-05-07 09:58:08.134 INFO  org.springframework.jmx.export.annotation.AnnotationMBeanExporter Line:895 - Bean with name 'subordinationDataSource' has been autodetected for JMX exposure
===2018-05-07 09:58:08.134 INFO  org.springframework.jmx.export.annotation.AnnotationMBeanExporter Line:895 - Bean with name 'dataSource' has been autodetected for JMX exposure
===2018-05-07 09:58:08.141 INFO  org.springframework.jmx.export.annotation.AnnotationMBeanExporter Line:668 - Located MBean 'dataSource': registering with JMX server as MBean [com.alibaba.druid.pool:name=dataSource,type=DruidDataSource]
===2018-05-07 09:58:08.145 INFO  org.springframework.jmx.export.annotation.AnnotationMBeanExporter Line:668 - Located MBean 'subordinationDataSource': registering with JMX server as MBean [com.alibaba.druid.pool:name=subordinationDataSource,type=DruidDataSource]
===2018-05-07 09:58:08.331 INFO  org.springframework.boot.web.embedded.tomcat.TomcatWebServer Line:206 - Tomcat started on port(s): 80 (http) with context path ''
===2018-05-07 09:58:08.337 INFO  com.core.tbIetpCoreApplication Line:59  - Started tbIetpCoreApplication in 8.489 seconds (JVM running for 9.015)
===2018-05-07 09:58:21.333 INFO  org.springframework.web.servlet.DispatcherServlet Line:494 - FrameworkServlet 'dispatcherServlet': initialization started
===2018-05-07 09:58:21.665 INFO  org.springframework.web.servlet.DispatcherServlet Line:509 - FrameworkServlet 'dispatcherServlet': initialization completed in 332 ms
===2018-05-07 09:58:22.126 INFO  io.lettuce.core.EpollProvider Line:101 - Starting without optional epoll library
===2018-05-07 09:58:22.128 INFO  io.lettuce.core.KqueueProvider Line:101 - Starting without optional kqueue library
===2018-05-07 09:58:56.489 INFO  com.alibaba.druid.pool.DruidDataSource Line:106 - {dataSource-1} inited
===2018-05-07 10:03:22.058 INFO  com.core.tbIetpCoreApplication Line:50  - Starting tbIetpCoreApplication on KING with PID 18296 (E:\founder\work-tvm\tbIetp-core\target\classes started by user in E:\founder\work-tvm\tbIetp-core)
===2018-05-07 10:03:22.058 INFO  com.core.tbIetpCoreApplication Line:663 - The following profiles are active: dev
===2018-05-07 10:03:22.188 INFO  org.springframework.boot.web.servlet.context.AnnotationConfigServletWebServerApplicationContext Line:590 - Refreshing org.springframework.boot.web.servlet.context.AnnotationConfigServletWebServerApplicationContext@2b4bac49: startup date [Mon May 07 10:03:22 CST 2018]; root of context hierarchy
===2018-05-07 10:03:23.140 INFO  org.springframework.beans.factory.support.DefaultListableBeanFactory Line:824 - Overriding bean definition for bean 'subordinationDataSource' with a different definition: replacing [Root bean: class [null]; scope=; abstract=false; lazyInit=false; autowireMode=3; dependencyCheck=0; autowireCandidate=true; primary=false; factoryBeanName=dataSourceConfig2; factoryMethodName=sqlSessionFactory; initMethodName=null; destroyMethodName=(inferred); defined in class path resource [com/core/config/DataSourceConfig2.class]] with [Root bean: class [null]; scope=; abstract=false; lazyInit=false; autowireMode=3; dependencyCheck=0; autowireCandidate=true; primary=false; factoryBeanName=druidDBConfig2; factoryMethodName=dataSource; initMethodName=null; destroyMethodName=(inferred); defined in class path resource [com/core/config/DruidDBConfig2.class]]
===2018-05-07 10:03:23.317 INFO  org.springframework.data.repository.config.RepositoryConfigurationDelegate Line:163 - Multiple Spring Data modules found, entering strict repository configuration mode!
===2018-05-07 10:03:24.246 INFO  org.springframework.context.support.PostProcessorRegistrationDelegate$BeanPostProcessorChecker Line:328 - Bean 'org.springframework.transaction.annotation.ProxyTransactionManagementConfiguration' of type [org.springframework.transaction.annotation.ProxyTransactionManagementConfiguration$$EnhancerBySpringCGLIB$$1e140ec4] is not eligible for getting processed by all BeanPostProcessors (for example: not eligible for auto-proxying)
===2018-05-07 10:03:24.947 INFO  org.springframework.boot.web.embedded.tomcat.TomcatWebServer Line:91  - Tomcat initialized with port(s): 80 (http)
===2018-05-07 10:03:25.107 INFO  org.springframework.web.context.ContextLoader Line:285 - Root WebApplicationContext: initialization completed in 2919 ms
===2018-05-07 10:03:25.293 INFO  org.springframework.boot.web.servlet.ServletRegistrationBean Line:185 - Servlet dispatcherServlet mapped to [/]
===2018-05-07 10:03:25.293 INFO  org.springframework.boot.web.servlet.ServletRegistrationBean Line:185 - Servlet statViewServlet mapped to [/druid/*]
===2018-05-07 10:03:25.301 INFO  org.springframework.boot.web.servlet.FilterRegistrationBean Line:244 - Mapping filter: 'characterEncodingFilter' to: [/*]
===2018-05-07 10:03:25.301 INFO  org.springframework.boot.web.servlet.FilterRegistrationBean Line:244 - Mapping filter: 'hiddenHttpMethodFilter' to: [/*]
===2018-05-07 10:03:25.301 INFO  org.springframework.boot.web.servlet.FilterRegistrationBean Line:244 - Mapping filter: 'httpPutFormContentFilter' to: [/*]
===2018-05-07 10:03:25.301 INFO  org.springframework.boot.web.servlet.FilterRegistrationBean Line:244 - Mapping filter: 'requestContextFilter' to: [/*]
===2018-05-07 10:03:25.303 INFO  org.springframework.boot.web.servlet.FilterRegistrationBean Line:257 - Mapping filter: 'webStatFilter' to urls: [/*]
===2018-05-07 10:03:26.151 INFO  org.springframework.web.servlet.handler.SimpleUrlHandlerMapping Line:373 - Mapped URL path [/**/favicon.ico] onto handler of type [class org.springframework.web.servlet.resource.ResourceHttpRequestHandler]
===2018-05-07 10:03:26.500 INFO  org.springframework.web.servlet.mvc.method.annotation.RequestMappingHandlerAdapter Line:574 - Looking for @ControllerAdvice: org.springframework.boot.web.servlet.context.AnnotationConfigServletWebServerApplicationContext@2b4bac49: startup date [Mon May 07 10:03:22 CST 2018]; root of context hierarchy
===2018-05-07 10:03:26.581 INFO  org.springframework.web.servlet.mvc.method.annotation.RequestMappingHandlerMapping Line:547 - Mapped "{[/user/add],methods=[GET]}" onto public void com.core.controller.UserController.add()
===2018-05-07 10:03:26.581 INFO  org.springframework.web.servlet.mvc.method.annotation.RequestMappingHandlerMapping Line:547 - Mapped "{[/user/all],methods=[GET]}" onto public java.lang.Object com.core.controller.UserController.findAllUser(int,int)
===2018-05-07 10:03:26.589 INFO  org.springframework.web.servlet.mvc.method.annotation.RequestMappingHandlerMapping Line:547 - Mapped "{[/error]}" onto public org.springframework.http.ResponseEntity<java.util.Map<java.lang.String, java.lang.Object>> org.springframework.boot.autoconfigure.web.servlet.error.BasicErrorController.error(javax.servlet.http.HttpServletRequest)
===2018-05-07 10:03:26.591 INFO  org.springframework.web.servlet.mvc.method.annotation.RequestMappingHandlerMapping Line:547 - Mapped "{[/error],produces=[text/html]}" onto public org.springframework.web.servlet.ModelAndView org.springframework.boot.autoconfigure.web.servlet.error.BasicErrorController.errorHtml(javax.servlet.http.HttpServletRequest,javax.servlet.http.HttpServletResponse)
===2018-05-07 10:03:26.651 INFO  org.springframework.web.servlet.handler.SimpleUrlHandlerMapping Line:373 - Mapped URL path [/webjars/**] onto handler of type [class org.springframework.web.servlet.resource.ResourceHttpRequestHandler]
===2018-05-07 10:03:26.651 INFO  org.springframework.web.servlet.handler.SimpleUrlHandlerMapping Line:373 - Mapped URL path [/**] onto handler of type [class org.springframework.web.servlet.resource.ResourceHttpRequestHandler]
===2018-05-07 10:03:27.054 INFO  org.springframework.jmx.export.annotation.AnnotationMBeanExporter Line:433 - Registering beans for JMX exposure on startup
===2018-05-07 10:03:27.054 INFO  org.springframework.jmx.export.annotation.AnnotationMBeanExporter Line:895 - Bean with name 'subordinationDataSource' has been autodetected for JMX exposure
===2018-05-07 10:03:27.054 INFO  org.springframework.jmx.export.annotation.AnnotationMBeanExporter Line:895 - Bean with name 'dataSource' has been autodetected for JMX exposure
===2018-05-07 10:03:27.064 INFO  org.springframework.jmx.export.annotation.AnnotationMBeanExporter Line:668 - Located MBean 'dataSource': registering with JMX server as MBean [com.alibaba.druid.pool:name=dataSource,type=DruidDataSource]
===2018-05-07 10:03:27.064 INFO  org.springframework.jmx.export.annotation.AnnotationMBeanExporter Line:668 - Located MBean 'subordinationDataSource': registering with JMX server as MBean [com.alibaba.druid.pool:name=subordinationDataSource,type=DruidDataSource]
===2018-05-07 10:03:27.155 INFO  org.springframework.boot.web.embedded.tomcat.TomcatWebServer Line:206 - Tomcat started on port(s): 80 (http) with context path ''
===2018-05-07 10:03:27.155 INFO  com.core.tbIetpCoreApplication Line:59  - Started tbIetpCoreApplication in 5.731 seconds (JVM running for 6.131)
===2018-05-07 10:03:30.331 INFO  org.springframework.web.servlet.DispatcherServlet Line:494 - FrameworkServlet 'dispatcherServlet': initialization started
===2018-05-07 10:03:30.363 INFO  org.springframework.web.servlet.DispatcherServlet Line:509 - FrameworkServlet 'dispatcherServlet': initialization completed in 32 ms
===2018-05-07 10:03:30.559 INFO  io.lettuce.core.EpollProvider Line:101 - Starting without optional epoll library
===2018-05-07 10:03:30.561 INFO  io.lettuce.core.KqueueProvider Line:101 - Starting without optional kqueue library
===2018-05-07 10:03:31.972 INFO  com.alibaba.druid.pool.DruidDataSource Line:106 - {dataSource-1} inited
===2018-05-07 10:04:36.249 INFO  com.core.tbIetpCoreApplication Line:50  - Starting tbIetpCoreApplication on KING with PID 17352 (E:\founder\work-tvm\tbIetp-core\target\classes started by user in E:\founder\work-tvm\tbIetp-core)
===2018-05-07 10:04:36.251 INFO  com.core.tbIetpCoreApplication Line:663 - The following profiles are active: dev
===2018-05-07 10:04:36.403 INFO  org.springframework.boot.web.servlet.context.AnnotationConfigServletWebServerApplicationContext Line:590 - Refreshing org.springframework.boot.web.servlet.context.AnnotationConfigServletWebServerApplicationContext@3f56875e: startup date [Mon May 07 10:04:36 CST 2018]; root of context hierarchy
===2018-05-07 10:04:37.411 INFO  org.springframework.beans.factory.support.DefaultListableBeanFactory Line:824 - Overriding bean definition for bean 'subordinationDataSource' with a different definition: replacing [Root bean: class [null]; scope=; abstract=false; lazyInit=false; autowireMode=3; dependencyCheck=0; autowireCandidate=true; primary=false; factoryBeanName=dataSourceConfig2; factoryMethodName=sqlSessionFactory; initMethodName=null; destroyMethodName=(inferred); defined in class path resource [com/core/config/DataSourceConfig2.class]] with [Root bean: class [null]; scope=; abstract=false; lazyInit=false; autowireMode=3; dependencyCheck=0; autowireCandidate=true; primary=false; factoryBeanName=druidDBConfig2; factoryMethodName=dataSource; initMethodName=null; destroyMethodName=(inferred); defined in class path resource [com/core/config/DruidDBConfig2.class]]
===2018-05-07 10:04:37.662 INFO  org.springframework.data.repository.config.RepositoryConfigurationDelegate Line:163 - Multiple Spring Data modules found, entering strict repository configuration mode!
===2018-05-07 10:04:38.393 INFO  org.springframework.context.support.PostProcessorRegistrationDelegate$BeanPostProcessorChecker Line:328 - Bean 'org.springframework.transaction.annotation.ProxyTransactionManagementConfiguration' of type [org.springframework.transaction.annotation.ProxyTransactionManagementConfiguration$$EnhancerBySpringCGLIB$$fed14f45] is not eligible for getting processed by all BeanPostProcessors (for example: not eligible for auto-proxying)
===2018-05-07 10:04:39.271 INFO  org.springframework.boot.web.embedded.tomcat.TomcatWebServer Line:91  - Tomcat initialized with port(s): 80 (http)
===2018-05-07 10:04:39.499 INFO  org.springframework.web.context.ContextLoader Line:285 - Root WebApplicationContext: initialization completed in 3096 ms
===2018-05-07 10:04:39.709 INFO  org.springframework.boot.web.servlet.ServletRegistrationBean Line:185 - Servlet dispatcherServlet mapped to [/]
===2018-05-07 10:04:39.712 INFO  org.springframework.boot.web.servlet.ServletRegistrationBean Line:185 - Servlet statViewServlet mapped to [/druid/*]
===2018-05-07 10:04:39.716 INFO  org.springframework.boot.web.servlet.FilterRegistrationBean Line:244 - Mapping filter: 'characterEncodingFilter' to: [/*]
===2018-05-07 10:04:39.717 INFO  org.springframework.boot.web.servlet.FilterRegistrationBean Line:244 - Mapping filter: 'hiddenHttpMethodFilter' to: [/*]
===2018-05-07 10:04:39.717 INFO  org.springframework.boot.web.servlet.FilterRegistrationBean Line:244 - Mapping filter: 'httpPutFormContentFilter' to: [/*]
===2018-05-07 10:04:39.717 INFO  org.springframework.boot.web.servlet.FilterRegistrationBean Line:244 - Mapping filter: 'requestContextFilter' to: [/*]
===2018-05-07 10:04:39.718 INFO  org.springframework.boot.web.servlet.FilterRegistrationBean Line:257 - Mapping filter: 'webStatFilter' to urls: [/*]
===2018-05-07 10:04:41.009 INFO  org.springframework.web.servlet.handler.SimpleUrlHandlerMapping Line:373 - Mapped URL path [/**/favicon.ico] onto handler of type [class org.springframework.web.servlet.resource.ResourceHttpRequestHandler]
===2018-05-07 10:04:41.386 INFO  org.springframework.web.servlet.mvc.method.annotation.RequestMappingHandlerAdapter Line:574 - Looking for @ControllerAdvice: org.springframework.boot.web.servlet.context.AnnotationConfigServletWebServerApplicationContext@3f56875e: startup date [Mon May 07 10:04:36 CST 2018]; root of context hierarchy
===2018-05-07 10:04:41.486 INFO  org.springframework.web.servlet.mvc.method.annotation.RequestMappingHandlerMapping Line:547 - Mapped "{[/user/add],methods=[GET]}" onto public void com.core.controller.UserController.add()
===2018-05-07 10:04:41.488 INFO  org.springframework.web.servlet.mvc.method.annotation.RequestMappingHandlerMapping Line:547 - Mapped "{[/user/all],methods=[GET]}" onto public java.lang.Object com.core.controller.UserController.findAllUser(int,int)
===2018-05-07 10:04:41.493 INFO  org.springframework.web.servlet.mvc.method.annotation.RequestMappingHandlerMapping Line:547 - Mapped "{[/error]}" onto public org.springframework.http.ResponseEntity<java.util.Map<java.lang.String, java.lang.Object>> org.springframework.boot.autoconfigure.web.servlet.error.BasicErrorController.error(javax.servlet.http.HttpServletRequest)
===2018-05-07 10:04:41.494 INFO  org.springframework.web.servlet.mvc.method.annotation.RequestMappingHandlerMapping Line:547 - Mapped "{[/error],produces=[text/html]}" onto public org.springframework.web.servlet.ModelAndView org.springframework.boot.autoconfigure.web.servlet.error.BasicErrorController.errorHtml(javax.servlet.http.HttpServletRequest,javax.servlet.http.HttpServletResponse)
===2018-05-07 10:04:41.531 INFO  org.springframework.web.servlet.handler.SimpleUrlHandlerMapping Line:373 - Mapped URL path [/webjars/**] onto handler of type [class org.springframework.web.servlet.resource.ResourceHttpRequestHandler]
===2018-05-07 10:04:41.531 INFO  org.springframework.web.servlet.handler.SimpleUrlHandlerMapping Line:373 - Mapped URL path [/**] onto handler of type [class org.springframework.web.servlet.resource.ResourceHttpRequestHandler]
===2018-05-07 10:04:42.006 INFO  org.springframework.jmx.export.annotation.AnnotationMBeanExporter Line:433 - Registering beans for JMX exposure on startup
===2018-05-07 10:04:42.008 INFO  org.springframework.jmx.export.annotation.AnnotationMBeanExporter Line:895 - Bean with name 'subordinationDataSource' has been autodetected for JMX exposure
===2018-05-07 10:04:42.009 INFO  org.springframework.jmx.export.annotation.AnnotationMBeanExporter Line:895 - Bean with name 'dataSource' has been autodetected for JMX exposure
===2018-05-07 10:04:42.014 INFO  org.springframework.jmx.export.annotation.AnnotationMBeanExporter Line:668 - Located MBean 'dataSource': registering with JMX server as MBean [com.alibaba.druid.pool:name=dataSource,type=DruidDataSource]
===2018-05-07 10:04:42.017 INFO  org.springframework.jmx.export.annotation.AnnotationMBeanExporter Line:668 - Located MBean 'subordinationDataSource': registering with JMX server as MBean [com.alibaba.druid.pool:name=subordinationDataSource,type=DruidDataSource]
===2018-05-07 10:04:42.079 INFO  org.springframework.boot.web.embedded.tomcat.TomcatWebServer Line:206 - Tomcat started on port(s): 80 (http) with context path ''
===2018-05-07 10:04:42.082 INFO  com.core.tbIetpCoreApplication Line:59  - Started tbIetpCoreApplication in 6.572 seconds (JVM running for 7.053)
===2018-05-07 10:04:42.137 INFO  org.springframework.web.servlet.DispatcherServlet Line:494 - FrameworkServlet 'dispatcherServlet': initialization started
===2018-05-07 10:04:42.168 INFO  org.springframework.web.servlet.DispatcherServlet Line:509 - FrameworkServlet 'dispatcherServlet': initialization completed in 30 ms
===2018-05-07 10:04:42.222 INFO  com.core.controller.UserController Line:31  - 这是一条测试的日志
===2018-05-07 10:04:42.365 INFO  io.lettuce.core.EpollProvider Line:101 - Starting without optional epoll library
===2018-05-07 10:04:42.368 INFO  io.lettuce.core.KqueueProvider Line:101 - Starting without optional kqueue library
===2018-05-07 10:04:43.530 INFO  com.alibaba.druid.pool.DruidDataSource Line:106 - {dataSource-1} inited
