===2018-05-04 15:35:41.111 INFO  com.core.tbIetpCoreApplication Line:50  - Starting tbIetpCoreApplication on KING with PID 5944 (E:\founder\work-tvm\tbIetp-core\target\classes started by user in E:\founder\work-tvm\tbIetp-core)
===2018-05-04 15:35:41.114 INFO  com.core.tbIetpCoreApplication Line:663 - The following profiles are active: dev
===2018-05-04 15:35:41.276 INFO  org.springframework.boot.web.servlet.context.AnnotationConfigServletWebServerApplicationContext Line:590 - Refreshing org.springframework.boot.web.servlet.context.AnnotationConfigServletWebServerApplicationContext@d21a74c: startup date [Fri May 04 15:35:41 CST 2018]; root of context hierarchy
===2018-05-04 15:35:42.801 INFO  org.springframework.data.repository.config.RepositoryConfigurationDelegate Line:163 - Multiple Spring Data modules found, entering strict repository configuration mode!
===2018-05-04 15:35:43.536 INFO  org.springframework.context.support.PostProcessorRegistrationDelegate$BeanPostProcessorChecker Line:328 - Bean 'org.springframework.transaction.annotation.ProxyTransactionManagementConfiguration' of type [org.springframework.transaction.annotation.ProxyTransactionManagementConfiguration$$EnhancerBySpringCGLIB$$cd774351] is not eligible for getting processed by all BeanPostProcessors (for example: not eligible for auto-proxying)
===2018-05-04 15:35:44.312 INFO  org.springframework.boot.web.embedded.tomcat.TomcatWebServer Line:91  - Tomcat initialized with port(s): 80 (http)
===2018-05-04 15:35:44.447 INFO  org.springframework.web.context.ContextLoader Line:285 - Root WebApplicationContext: initialization completed in 3171 ms
===2018-05-04 15:35:44.682 INFO  org.springframework.boot.web.servlet.ServletRegistrationBean Line:185 - Servlet dispatcherServlet mapped to [/]
===2018-05-04 15:35:44.684 INFO  org.springframework.boot.web.servlet.ServletRegistrationBean Line:185 - Servlet statViewServlet mapped to [/druid/*]
===2018-05-04 15:35:44.689 INFO  org.springframework.boot.web.servlet.FilterRegistrationBean Line:244 - Mapping filter: 'characterEncodingFilter' to: [/*]
===2018-05-04 15:35:44.690 INFO  org.springframework.boot.web.servlet.FilterRegistrationBean Line:244 - Mapping filter: 'hiddenHttpMethodFilter' to: [/*]
===2018-05-04 15:35:44.690 INFO  org.springframework.boot.web.servlet.FilterRegistrationBean Line:244 - Mapping filter: 'httpPutFormContentFilter' to: [/*]
===2018-05-04 15:35:44.690 INFO  org.springframework.boot.web.servlet.FilterRegistrationBean Line:244 - Mapping filter: 'requestContextFilter' to: [/*]
===2018-05-04 15:35:44.690 INFO  org.springframework.boot.web.servlet.FilterRegistrationBean Line:257 - Mapping filter: 'webStatFilter' to urls: [/*]
===2018-05-04 15:35:45.819 INFO  org.springframework.web.servlet.handler.SimpleUrlHandlerMapping Line:373 - Mapped URL path [/**/favicon.ico] onto handler of type [class org.springframework.web.servlet.resource.ResourceHttpRequestHandler]
===2018-05-04 15:35:46.383 INFO  org.springframework.web.servlet.mvc.method.annotation.RequestMappingHandlerAdapter Line:574 - Looking for @ControllerAdvice: org.springframework.boot.web.servlet.context.AnnotationConfigServletWebServerApplicationContext@d21a74c: startup date [Fri May 04 15:35:41 CST 2018]; root of context hierarchy
===2018-05-04 15:35:46.488 INFO  org.springframework.web.servlet.mvc.method.annotation.RequestMappingHandlerMapping Line:547 - Mapped "{[/user/add],methods=[GET]}" onto public void com.core.controller.UserController.add()
===2018-05-04 15:35:46.490 INFO  org.springframework.web.servlet.mvc.method.annotation.RequestMappingHandlerMapping Line:547 - Mapped "{[/user/all],methods=[GET]}" onto public java.lang.Object com.core.controller.UserController.findAllUser(int,int)
===2018-05-04 15:35:46.497 INFO  org.springframework.web.servlet.mvc.method.annotation.RequestMappingHandlerMapping Line:547 - Mapped "{[/error]}" onto public org.springframework.http.ResponseEntity<java.util.Map<java.lang.String, java.lang.Object>> org.springframework.boot.autoconfigure.web.servlet.error.BasicErrorController.error(javax.servlet.http.HttpServletRequest)
===2018-05-04 15:35:46.498 INFO  org.springframework.web.servlet.mvc.method.annotation.RequestMappingHandlerMapping Line:547 - Mapped "{[/error],produces=[text/html]}" onto public org.springframework.web.servlet.ModelAndView org.springframework.boot.autoconfigure.web.servlet.error.BasicErrorController.errorHtml(javax.servlet.http.HttpServletRequest,javax.servlet.http.HttpServletResponse)
===2018-05-04 15:35:46.604 INFO  org.springframework.web.servlet.handler.SimpleUrlHandlerMapping Line:373 - Mapped URL path [/webjars/**] onto handler of type [class org.springframework.web.servlet.resource.ResourceHttpRequestHandler]
===2018-05-04 15:35:46.605 INFO  org.springframework.web.servlet.handler.SimpleUrlHandlerMapping Line:373 - Mapped URL path [/**] onto handler of type [class org.springframework.web.servlet.resource.ResourceHttpRequestHandler]
===2018-05-04 15:35:47.227 INFO  org.springframework.jmx.export.annotation.AnnotationMBeanExporter Line:433 - Registering beans for JMX exposure on startup
===2018-05-04 15:35:47.229 INFO  org.springframework.jmx.export.annotation.AnnotationMBeanExporter Line:895 - Bean with name 'dataSource' has been autodetected for JMX exposure
===2018-05-04 15:35:47.242 INFO  org.springframework.jmx.export.annotation.AnnotationMBeanExporter Line:668 - Located MBean 'dataSource': registering with JMX server as MBean [com.alibaba.druid.pool:name=dataSource,type=DruidDataSource]
===2018-05-04 15:35:47.304 INFO  org.springframework.boot.web.embedded.tomcat.TomcatWebServer Line:206 - Tomcat started on port(s): 80 (http) with context path ''
===2018-05-04 15:35:47.307 INFO  com.core.tbIetpCoreApplication Line:59  - Started tbIetpCoreApplication in 6.85 seconds (JVM running for 7.317)
===2018-05-04 15:36:42.630 INFO  org.springframework.web.servlet.DispatcherServlet Line:494 - FrameworkServlet 'dispatcherServlet': initialization started
===2018-05-04 15:36:42.676 INFO  org.springframework.web.servlet.DispatcherServlet Line:509 - FrameworkServlet 'dispatcherServlet': initialization completed in 45 ms
===2018-05-04 15:36:43.389 INFO  com.alibaba.druid.pool.DruidDataSource Line:106 - {dataSource-1} inited
===2018-05-04 15:36:43.710 INFO  org.springframework.beans.factory.xml.XmlBeanDefinitionReader Line:316 - Loading XML bean definitions from class path resource [org/springframework/jdbc/support/sql-error-codes.xml]
===2018-05-04 15:36:43.788 INFO  org.springframework.jdbc.support.SQLErrorCodesFactory Line:128 - SQLErrorCodes loaded: [DB2, Derby, H2, HDB, HSQL, Informix, MS-SQL, MySQL, Oracle, PostgreSQL, Sybase]
===2018-05-04 17:35:37.960 INFO  com.core.tbIetpCoreApplication Line:50  - Starting tbIetpCoreApplication on KING with PID 3380 (E:\founder\work-tvm\tbIetp-core\target\classes started by user in E:\founder\work-tvm\tbIetp-core)
===2018-05-04 17:35:37.964 INFO  com.core.tbIetpCoreApplication Line:663 - The following profiles are active: dev
===2018-05-04 17:35:38.155 INFO  org.springframework.boot.web.servlet.context.AnnotationConfigServletWebServerApplicationContext Line:590 - Refreshing org.springframework.boot.web.servlet.context.AnnotationConfigServletWebServerApplicationContext@37f1104d: startup date [Fri May 04 17:35:38 CST 2018]; root of context hierarchy
===2018-05-04 17:35:39.653 INFO  org.springframework.data.repository.config.RepositoryConfigurationDelegate Line:163 - Multiple Spring Data modules found, entering strict repository configuration mode!
===2018-05-04 17:35:40.428 INFO  org.springframework.context.support.PostProcessorRegistrationDelegate$BeanPostProcessorChecker Line:328 - Bean 'org.springframework.transaction.annotation.ProxyTransactionManagementConfiguration' of type [org.springframework.transaction.annotation.ProxyTransactionManagementConfiguration$$EnhancerBySpringCGLIB$$eb3b7f8f] is not eligible for getting processed by all BeanPostProcessors (for example: not eligible for auto-proxying)
===2018-05-04 17:35:41.258 INFO  org.springframework.boot.web.embedded.tomcat.TomcatWebServer Line:91  - Tomcat initialized with port(s): 80 (http)
===2018-05-04 17:35:41.421 INFO  org.springframework.web.context.ContextLoader Line:285 - Root WebApplicationContext: initialization completed in 3267 ms
===2018-05-04 17:35:41.677 INFO  org.springframework.boot.web.servlet.ServletRegistrationBean Line:185 - Servlet dispatcherServlet mapped to [/]
===2018-05-04 17:35:41.679 INFO  org.springframework.boot.web.servlet.ServletRegistrationBean Line:185 - Servlet statViewServlet mapped to [/druid/*]
===2018-05-04 17:35:41.683 INFO  org.springframework.boot.web.servlet.FilterRegistrationBean Line:244 - Mapping filter: 'characterEncodingFilter' to: [/*]
===2018-05-04 17:35:41.684 INFO  org.springframework.boot.web.servlet.FilterRegistrationBean Line:244 - Mapping filter: 'hiddenHttpMethodFilter' to: [/*]
===2018-05-04 17:35:41.684 INFO  org.springframework.boot.web.servlet.FilterRegistrationBean Line:244 - Mapping filter: 'httpPutFormContentFilter' to: [/*]
===2018-05-04 17:35:41.684 INFO  org.springframework.boot.web.servlet.FilterRegistrationBean Line:244 - Mapping filter: 'requestContextFilter' to: [/*]
===2018-05-04 17:35:41.685 INFO  org.springframework.boot.web.servlet.FilterRegistrationBean Line:257 - Mapping filter: 'webStatFilter' to urls: [/*]
===2018-05-04 17:35:43.142 INFO  org.springframework.web.servlet.handler.SimpleUrlHandlerMapping Line:373 - Mapped URL path [/**/favicon.ico] onto handler of type [class org.springframework.web.servlet.resource.ResourceHttpRequestHandler]
===2018-05-04 17:35:43.709 INFO  org.springframework.web.servlet.mvc.method.annotation.RequestMappingHandlerAdapter Line:574 - Looking for @ControllerAdvice: org.springframework.boot.web.servlet.context.AnnotationConfigServletWebServerApplicationContext@37f1104d: startup date [Fri May 04 17:35:38 CST 2018]; root of context hierarchy
===2018-05-04 17:35:43.828 INFO  org.springframework.web.servlet.mvc.method.annotation.RequestMappingHandlerMapping Line:547 - Mapped "{[/user/add],methods=[GET]}" onto public void com.core.controller.UserController.add()
===2018-05-04 17:35:43.829 INFO  org.springframework.web.servlet.mvc.method.annotation.RequestMappingHandlerMapping Line:547 - Mapped "{[/user/all],methods=[GET]}" onto public java.lang.Object com.core.controller.UserController.findAllUser(int,int)
===2018-05-04 17:35:43.843 INFO  org.springframework.web.servlet.mvc.method.annotation.RequestMappingHandlerMapping Line:547 - Mapped "{[/error]}" onto public org.springframework.http.ResponseEntity<java.util.Map<java.lang.String, java.lang.Object>> org.springframework.boot.autoconfigure.web.servlet.error.BasicErrorController.error(javax.servlet.http.HttpServletRequest)
===2018-05-04 17:35:43.844 INFO  org.springframework.web.servlet.mvc.method.annotation.RequestMappingHandlerMapping Line:547 - Mapped "{[/error],produces=[text/html]}" onto public org.springframework.web.servlet.ModelAndView org.springframework.boot.autoconfigure.web.servlet.error.BasicErrorController.errorHtml(javax.servlet.http.HttpServletRequest,javax.servlet.http.HttpServletResponse)
===2018-05-04 17:35:43.913 INFO  org.springframework.web.servlet.handler.SimpleUrlHandlerMapping Line:373 - Mapped URL path [/webjars/**] onto handler of type [class org.springframework.web.servlet.resource.ResourceHttpRequestHandler]
===2018-05-04 17:35:43.913 INFO  org.springframework.web.servlet.handler.SimpleUrlHandlerMapping Line:373 - Mapped URL path [/**] onto handler of type [class org.springframework.web.servlet.resource.ResourceHttpRequestHandler]
===2018-05-04 17:35:44.502 INFO  org.springframework.jmx.export.annotation.AnnotationMBeanExporter Line:433 - Registering beans for JMX exposure on startup
===2018-05-04 17:35:44.503 INFO  org.springframework.jmx.export.annotation.AnnotationMBeanExporter Line:895 - Bean with name 'dataSource' has been autodetected for JMX exposure
===2018-05-04 17:35:44.510 INFO  org.springframework.jmx.export.annotation.AnnotationMBeanExporter Line:668 - Located MBean 'dataSource': registering with JMX server as MBean [com.alibaba.druid.pool:name=dataSource,type=DruidDataSource]
===2018-05-04 17:35:44.628 INFO  org.springframework.boot.web.embedded.tomcat.TomcatWebServer Line:206 - Tomcat started on port(s): 80 (http) with context path ''
===2018-05-04 17:35:44.645 INFO  com.core.tbIetpCoreApplication Line:59  - Started tbIetpCoreApplication in 7.417 seconds (JVM running for 7.892)
===2018-05-04 17:35:44.805 INFO  org.springframework.web.servlet.DispatcherServlet Line:494 - FrameworkServlet 'dispatcherServlet': initialization started
===2018-05-04 17:35:44.860 INFO  org.springframework.web.servlet.DispatcherServlet Line:509 - FrameworkServlet 'dispatcherServlet': initialization completed in 54 ms
===2018-05-04 17:35:46.859 INFO  io.lettuce.core.EpollProvider Line:101 - Starting without optional epoll library
===2018-05-04 17:35:46.860 INFO  io.lettuce.core.KqueueProvider Line:101 - Starting without optional kqueue library
===2018-05-04 17:35:48.303 INFO  com.alibaba.druid.pool.DruidDataSource Line:106 - {dataSource-1} inited
===2018-05-04 17:36:17.737 INFO  com.core.tbIetpCoreApplication Line:50  - Starting tbIetpCoreApplication on KING with PID 9904 (E:\founder\work-tvm\tbIetp-core\target\classes started by user in E:\founder\work-tvm\tbIetp-core)
===2018-05-04 17:36:17.740 INFO  com.core.tbIetpCoreApplication Line:663 - The following profiles are active: dev
===2018-05-04 17:36:17.892 INFO  org.springframework.boot.web.servlet.context.AnnotationConfigServletWebServerApplicationContext Line:590 - Refreshing org.springframework.boot.web.servlet.context.AnnotationConfigServletWebServerApplicationContext@37f1104d: startup date [Fri May 04 17:36:17 CST 2018]; root of context hierarchy
===2018-05-04 17:36:19.781 INFO  org.springframework.data.repository.config.RepositoryConfigurationDelegate Line:163 - Multiple Spring Data modules found, entering strict repository configuration mode!
===2018-05-04 17:36:20.558 INFO  org.springframework.context.support.PostProcessorRegistrationDelegate$BeanPostProcessorChecker Line:328 - Bean 'org.springframework.transaction.annotation.ProxyTransactionManagementConfiguration' of type [org.springframework.transaction.annotation.ProxyTransactionManagementConfiguration$$EnhancerBySpringCGLIB$$dfb8f78] is not eligible for getting processed by all BeanPostProcessors (for example: not eligible for auto-proxying)
===2018-05-04 17:36:21.398 INFO  org.springframework.boot.web.embedded.tomcat.TomcatWebServer Line:91  - Tomcat initialized with port(s): 80 (http)
===2018-05-04 17:36:21.557 INFO  org.springframework.web.context.ContextLoader Line:285 - Root WebApplicationContext: initialization completed in 3665 ms
===2018-05-04 17:36:21.783 INFO  org.springframework.boot.web.servlet.ServletRegistrationBean Line:185 - Servlet dispatcherServlet mapped to [/]
===2018-05-04 17:36:21.786 INFO  org.springframework.boot.web.servlet.ServletRegistrationBean Line:185 - Servlet statViewServlet mapped to [/druid/*]
===2018-05-04 17:36:21.793 INFO  org.springframework.boot.web.servlet.FilterRegistrationBean Line:244 - Mapping filter: 'characterEncodingFilter' to: [/*]
===2018-05-04 17:36:21.794 INFO  org.springframework.boot.web.servlet.FilterRegistrationBean Line:244 - Mapping filter: 'hiddenHttpMethodFilter' to: [/*]
===2018-05-04 17:36:21.795 INFO  org.springframework.boot.web.servlet.FilterRegistrationBean Line:244 - Mapping filter: 'httpPutFormContentFilter' to: [/*]
===2018-05-04 17:36:21.796 INFO  org.springframework.boot.web.servlet.FilterRegistrationBean Line:244 - Mapping filter: 'requestContextFilter' to: [/*]
===2018-05-04 17:36:21.796 INFO  org.springframework.boot.web.servlet.FilterRegistrationBean Line:257 - Mapping filter: 'webStatFilter' to urls: [/*]
===2018-05-04 17:36:23.009 INFO  org.springframework.web.servlet.handler.SimpleUrlHandlerMapping Line:373 - Mapped URL path [/**/favicon.ico] onto handler of type [class org.springframework.web.servlet.resource.ResourceHttpRequestHandler]
===2018-05-04 17:36:23.507 INFO  org.springframework.web.servlet.mvc.method.annotation.RequestMappingHandlerAdapter Line:574 - Looking for @ControllerAdvice: org.springframework.boot.web.servlet.context.AnnotationConfigServletWebServerApplicationContext@37f1104d: startup date [Fri May 04 17:36:17 CST 2018]; root of context hierarchy
===2018-05-04 17:36:23.615 INFO  org.springframework.web.servlet.mvc.method.annotation.RequestMappingHandlerMapping Line:547 - Mapped "{[/user/add],methods=[GET]}" onto public void com.core.controller.UserController.add()
===2018-05-04 17:36:23.617 INFO  org.springframework.web.servlet.mvc.method.annotation.RequestMappingHandlerMapping Line:547 - Mapped "{[/user/all],methods=[GET]}" onto public java.lang.Object com.core.controller.UserController.findAllUser(int,int)
===2018-05-04 17:36:23.628 INFO  org.springframework.web.servlet.mvc.method.annotation.RequestMappingHandlerMapping Line:547 - Mapped "{[/error]}" onto public org.springframework.http.ResponseEntity<java.util.Map<java.lang.String, java.lang.Object>> org.springframework.boot.autoconfigure.web.servlet.error.BasicErrorController.error(javax.servlet.http.HttpServletRequest)
===2018-05-04 17:36:23.629 INFO  org.springframework.web.servlet.mvc.method.annotation.RequestMappingHandlerMapping Line:547 - Mapped "{[/error],produces=[text/html]}" onto public org.springframework.web.servlet.ModelAndView org.springframework.boot.autoconfigure.web.servlet.error.BasicErrorController.errorHtml(javax.servlet.http.HttpServletRequest,javax.servlet.http.HttpServletResponse)
===2018-05-04 17:36:23.745 INFO  org.springframework.web.servlet.handler.SimpleUrlHandlerMapping Line:373 - Mapped URL path [/webjars/**] onto handler of type [class org.springframework.web.servlet.resource.ResourceHttpRequestHandler]
===2018-05-04 17:36:23.746 INFO  org.springframework.web.servlet.handler.SimpleUrlHandlerMapping Line:373 - Mapped URL path [/**] onto handler of type [class org.springframework.web.servlet.resource.ResourceHttpRequestHandler]
===2018-05-04 17:36:24.393 INFO  org.springframework.jmx.export.annotation.AnnotationMBeanExporter Line:433 - Registering beans for JMX exposure on startup
===2018-05-04 17:36:24.396 INFO  org.springframework.jmx.export.annotation.AnnotationMBeanExporter Line:895 - Bean with name 'dataSource' has been autodetected for JMX exposure
===2018-05-04 17:36:24.405 INFO  org.springframework.jmx.export.annotation.AnnotationMBeanExporter Line:668 - Located MBean 'dataSource': registering with JMX server as MBean [com.alibaba.druid.pool:name=dataSource,type=DruidDataSource]
===2018-05-04 17:36:24.489 INFO  org.springframework.boot.web.embedded.tomcat.TomcatWebServer Line:206 - Tomcat started on port(s): 80 (http) with context path ''
===2018-05-04 17:36:24.495 INFO  com.core.tbIetpCoreApplication Line:59  - Started tbIetpCoreApplication in 7.49 seconds (JVM running for 8.024)
===2018-05-04 17:36:26.120 INFO  org.springframework.web.servlet.DispatcherServlet Line:494 - FrameworkServlet 'dispatcherServlet': initialization started
===2018-05-04 17:36:26.158 INFO  org.springframework.web.servlet.DispatcherServlet Line:509 - FrameworkServlet 'dispatcherServlet': initialization completed in 38 ms
===2018-05-04 17:36:26.349 INFO  io.lettuce.core.EpollProvider Line:101 - Starting without optional epoll library
===2018-05-04 17:36:26.351 INFO  io.lettuce.core.KqueueProvider Line:101 - Starting without optional kqueue library
===2018-05-04 17:36:27.717 INFO  com.alibaba.druid.pool.DruidDataSource Line:106 - {dataSource-1} inited
===2018-05-04 17:45:23.901 INFO  com.core.tbIetpCoreApplication Line:50  - Starting tbIetpCoreApplication on KING with PID 11564 (E:\founder\work-tvm\tbIetp-core\target\classes started by user in E:\founder\work-tvm\tbIetp-core)
===2018-05-04 17:45:23.903 INFO  com.core.tbIetpCoreApplication Line:663 - The following profiles are active: dev
===2018-05-04 17:45:24.091 INFO  org.springframework.boot.web.servlet.context.AnnotationConfigServletWebServerApplicationContext Line:590 - Refreshing org.springframework.boot.web.servlet.context.AnnotationConfigServletWebServerApplicationContext@37f1104d: startup date [Fri May 04 17:45:24 CST 2018]; root of context hierarchy
===2018-05-04 17:45:25.249 INFO  org.springframework.beans.factory.support.DefaultListableBeanFactory Line:824 - Overriding bean definition for bean 'primaryDataSource ' with a different definition: replacing [Root bean: class [null]; scope=; abstract=false; lazyInit=false; autowireMode=3; dependencyCheck=0; autowireCandidate=true; primary=false; factoryBeanName=dataSourceConfig; factoryMethodName=sqlSessionFactory; initMethodName=null; destroyMethodName=(inferred); defined in class path resource [com/core/config/DataSourceConfig.class]] with [Root bean: class [null]; scope=; abstract=false; lazyInit=false; autowireMode=3; dependencyCheck=0; autowireCandidate=true; primary=true; factoryBeanName=druidDBConfig; factoryMethodName=dataSource; initMethodName=null; destroyMethodName=(inferred); defined in class path resource [com/core/config/DruidDBConfig.class]]
===2018-05-04 17:45:25.638 INFO  org.springframework.data.repository.config.RepositoryConfigurationDelegate Line:163 - Multiple Spring Data modules found, entering strict repository configuration mode!
===2018-05-04 17:45:26.443 INFO  org.springframework.context.support.PostProcessorRegistrationDelegate$BeanPostProcessorChecker Line:328 - Bean 'org.springframework.transaction.annotation.ProxyTransactionManagementConfiguration' of type [org.springframework.transaction.annotation.ProxyTransactionManagementConfiguration$$EnhancerBySpringCGLIB$$bab18764] is not eligible for getting processed by all BeanPostProcessors (for example: not eligible for auto-proxying)
===2018-05-04 17:45:27.253 INFO  org.springframework.boot.web.embedded.tomcat.TomcatWebServer Line:91  - Tomcat initialized with port(s): 80 (http)
===2018-05-04 17:45:27.431 INFO  org.springframework.web.context.ContextLoader Line:285 - Root WebApplicationContext: initialization completed in 3340 ms
===2018-05-04 17:45:27.647 INFO  org.springframework.boot.web.servlet.ServletRegistrationBean Line:185 - Servlet dispatcherServlet mapped to [/]
===2018-05-04 17:45:27.648 INFO  org.springframework.boot.web.servlet.ServletRegistrationBean Line:185 - Servlet statViewServlet mapped to [/druid/*]
===2018-05-04 17:45:27.654 INFO  org.springframework.boot.web.servlet.FilterRegistrationBean Line:244 - Mapping filter: 'characterEncodingFilter' to: [/*]
===2018-05-04 17:45:27.654 INFO  org.springframework.boot.web.servlet.FilterRegistrationBean Line:244 - Mapping filter: 'hiddenHttpMethodFilter' to: [/*]
===2018-05-04 17:45:27.655 INFO  org.springframework.boot.web.servlet.FilterRegistrationBean Line:244 - Mapping filter: 'httpPutFormContentFilter' to: [/*]
===2018-05-04 17:45:27.655 INFO  org.springframework.boot.web.servlet.FilterRegistrationBean Line:244 - Mapping filter: 'requestContextFilter' to: [/*]
===2018-05-04 17:45:27.655 INFO  org.springframework.boot.web.servlet.FilterRegistrationBean Line:257 - Mapping filter: 'webStatFilter' to urls: [/*]
===2018-05-04 17:45:28.856 INFO  org.springframework.web.servlet.handler.SimpleUrlHandlerMapping Line:373 - Mapped URL path [/**/favicon.ico] onto handler of type [class org.springframework.web.servlet.resource.ResourceHttpRequestHandler]
===2018-05-04 17:45:29.391 INFO  org.springframework.web.servlet.mvc.method.annotation.RequestMappingHandlerAdapter Line:574 - Looking for @ControllerAdvice: org.springframework.boot.web.servlet.context.AnnotationConfigServletWebServerApplicationContext@37f1104d: startup date [Fri May 04 17:45:24 CST 2018]; root of context hierarchy
===2018-05-04 17:45:29.487 INFO  org.springframework.web.servlet.mvc.method.annotation.RequestMappingHandlerMapping Line:547 - Mapped "{[/user/add],methods=[GET]}" onto public void com.core.controller.UserController.add()
===2018-05-04 17:45:29.488 INFO  org.springframework.web.servlet.mvc.method.annotation.RequestMappingHandlerMapping Line:547 - Mapped "{[/user/all],methods=[GET]}" onto public java.lang.Object com.core.controller.UserController.findAllUser(int,int)
===2018-05-04 17:45:29.503 INFO  org.springframework.web.servlet.mvc.method.annotation.RequestMappingHandlerMapping Line:547 - Mapped "{[/error]}" onto public org.springframework.http.ResponseEntity<java.util.Map<java.lang.String, java.lang.Object>> org.springframework.boot.autoconfigure.web.servlet.error.BasicErrorController.error(javax.servlet.http.HttpServletRequest)
===2018-05-04 17:45:29.504 INFO  org.springframework.web.servlet.mvc.method.annotation.RequestMappingHandlerMapping Line:547 - Mapped "{[/error],produces=[text/html]}" onto public org.springframework.web.servlet.ModelAndView org.springframework.boot.autoconfigure.web.servlet.error.BasicErrorController.errorHtml(javax.servlet.http.HttpServletRequest,javax.servlet.http.HttpServletResponse)
===2018-05-04 17:45:29.637 INFO  org.springframework.web.servlet.handler.SimpleUrlHandlerMapping Line:373 - Mapped URL path [/webjars/**] onto handler of type [class org.springframework.web.servlet.resource.ResourceHttpRequestHandler]
===2018-05-04 17:45:29.637 INFO  org.springframework.web.servlet.handler.SimpleUrlHandlerMapping Line:373 - Mapped URL path [/**] onto handler of type [class org.springframework.web.servlet.resource.ResourceHttpRequestHandler]
===2018-05-04 17:45:30.268 INFO  org.springframework.jmx.export.annotation.AnnotationMBeanExporter Line:433 - Registering beans for JMX exposure on startup
===2018-05-04 17:45:30.269 INFO  org.springframework.jmx.export.annotation.AnnotationMBeanExporter Line:895 - Bean with name 'primaryDataSource ' has been autodetected for JMX exposure
===2018-05-04 17:45:30.277 INFO  org.springframework.jmx.export.annotation.AnnotationMBeanExporter Line:668 - Located MBean 'primaryDataSource ': registering with JMX server as MBean [com.alibaba.druid.pool:name=primaryDataSource ,type=DruidDataSource]
===2018-05-04 17:45:30.358 INFO  org.springframework.boot.web.servlet.context.AnnotationConfigServletWebServerApplicationContext Line:993 - Closing org.springframework.boot.web.servlet.context.AnnotationConfigServletWebServerApplicationContext@37f1104d: startup date [Fri May 04 17:45:24 CST 2018]; root of context hierarchy
===2018-05-04 17:45:30.363 INFO  org.springframework.jmx.export.annotation.AnnotationMBeanExporter Line:451 - Unregistering JMX-exposed beans on shutdown
===2018-05-04 17:45:30.364 INFO  org.springframework.jmx.export.annotation.AnnotationMBeanExporter Line:183 - Unregistering JMX-exposed beans
===2018-05-04 17:46:28.404 INFO  com.core.tbIetpCoreApplication Line:50  - Starting tbIetpCoreApplication on KING with PID 11328 (E:\founder\work-tvm\tbIetp-core\target\classes started by user in E:\founder\work-tvm\tbIetp-core)
===2018-05-04 17:46:28.406 INFO  com.core.tbIetpCoreApplication Line:663 - The following profiles are active: dev
===2018-05-04 17:46:28.619 INFO  org.springframework.boot.web.servlet.context.AnnotationConfigServletWebServerApplicationContext Line:590 - Refreshing org.springframework.boot.web.servlet.context.AnnotationConfigServletWebServerApplicationContext@37f1104d: startup date [Fri May 04 17:46:28 CST 2018]; root of context hierarchy
===2018-05-04 17:46:29.655 INFO  org.springframework.beans.factory.support.DefaultListableBeanFactory Line:824 - Overriding bean definition for bean 'primaryDataSource ' with a different definition: replacing [Root bean: class [null]; scope=; abstract=false; lazyInit=false; autowireMode=3; dependencyCheck=0; autowireCandidate=true; primary=false; factoryBeanName=dataSourceConfig; factoryMethodName=sqlSessionFactory; initMethodName=null; destroyMethodName=(inferred); defined in class path resource [com/core/config/DataSourceConfig.class]] with [Root bean: class [null]; scope=; abstract=false; lazyInit=false; autowireMode=3; dependencyCheck=0; autowireCandidate=true; primary=true; factoryBeanName=druidDBConfig; factoryMethodName=dataSource; initMethodName=null; destroyMethodName=(inferred); defined in class path resource [com/core/config/DruidDBConfig.class]]
===2018-05-04 17:46:29.858 INFO  org.springframework.data.repository.config.RepositoryConfigurationDelegate Line:163 - Multiple Spring Data modules found, entering strict repository configuration mode!
===2018-05-04 17:46:30.710 INFO  org.springframework.context.support.PostProcessorRegistrationDelegate$BeanPostProcessorChecker Line:328 - Bean 'org.springframework.transaction.annotation.ProxyTransactionManagementConfiguration' of type [org.springframework.transaction.annotation.ProxyTransactionManagementConfiguration$$EnhancerBySpringCGLIB$$d9d301ff] is not eligible for getting processed by all BeanPostProcessors (for example: not eligible for auto-proxying)
===2018-05-04 17:46:31.518 INFO  org.springframework.boot.web.embedded.tomcat.TomcatWebServer Line:91  - Tomcat initialized with port(s): 80 (http)
===2018-05-04 17:46:31.732 INFO  org.springframework.web.context.ContextLoader Line:285 - Root WebApplicationContext: initialization completed in 3113 ms
===2018-05-04 17:46:31.989 INFO  org.springframework.boot.web.servlet.ServletRegistrationBean Line:185 - Servlet dispatcherServlet mapped to [/]
===2018-05-04 17:46:31.991 INFO  org.springframework.boot.web.servlet.ServletRegistrationBean Line:185 - Servlet statViewServlet mapped to [/druid/*]
===2018-05-04 17:46:31.994 INFO  org.springframework.boot.web.servlet.FilterRegistrationBean Line:244 - Mapping filter: 'characterEncodingFilter' to: [/*]
===2018-05-04 17:46:31.994 INFO  org.springframework.boot.web.servlet.FilterRegistrationBean Line:244 - Mapping filter: 'hiddenHttpMethodFilter' to: [/*]
===2018-05-04 17:46:31.995 INFO  org.springframework.boot.web.servlet.FilterRegistrationBean Line:244 - Mapping filter: 'httpPutFormContentFilter' to: [/*]
===2018-05-04 17:46:31.995 INFO  org.springframework.boot.web.servlet.FilterRegistrationBean Line:244 - Mapping filter: 'requestContextFilter' to: [/*]
===2018-05-04 17:46:31.995 INFO  org.springframework.boot.web.servlet.FilterRegistrationBean Line:257 - Mapping filter: 'webStatFilter' to urls: [/*]
===2018-05-04 17:46:33.340 INFO  org.springframework.web.servlet.handler.SimpleUrlHandlerMapping Line:373 - Mapped URL path [/**/favicon.ico] onto handler of type [class org.springframework.web.servlet.resource.ResourceHttpRequestHandler]
===2018-05-04 17:46:33.939 INFO  org.springframework.web.servlet.mvc.method.annotation.RequestMappingHandlerAdapter Line:574 - Looking for @ControllerAdvice: org.springframework.boot.web.servlet.context.AnnotationConfigServletWebServerApplicationContext@37f1104d: startup date [Fri May 04 17:46:28 CST 2018]; root of context hierarchy
===2018-05-04 17:46:34.117 INFO  org.springframework.web.servlet.mvc.method.annotation.RequestMappingHandlerMapping Line:547 - Mapped "{[/user/add],methods=[GET]}" onto public void com.core.controller.UserController.add()
===2018-05-04 17:46:34.119 INFO  org.springframework.web.servlet.mvc.method.annotation.RequestMappingHandlerMapping Line:547 - Mapped "{[/user/all],methods=[GET]}" onto public java.lang.Object com.core.controller.UserController.findAllUser(int,int)
===2018-05-04 17:46:34.133 INFO  org.springframework.web.servlet.mvc.method.annotation.RequestMappingHandlerMapping Line:547 - Mapped "{[/error]}" onto public org.springframework.http.ResponseEntity<java.util.Map<java.lang.String, java.lang.Object>> org.springframework.boot.autoconfigure.web.servlet.error.BasicErrorController.error(javax.servlet.http.HttpServletRequest)
===2018-05-04 17:46:34.133 INFO  org.springframework.web.servlet.mvc.method.annotation.RequestMappingHandlerMapping Line:547 - Mapped "{[/error],produces=[text/html]}" onto public org.springframework.web.servlet.ModelAndView org.springframework.boot.autoconfigure.web.servlet.error.BasicErrorController.errorHtml(javax.servlet.http.HttpServletRequest,javax.servlet.http.HttpServletResponse)
===2018-05-04 17:46:34.232 INFO  org.springframework.web.servlet.handler.SimpleUrlHandlerMapping Line:373 - Mapped URL path [/webjars/**] onto handler of type [class org.springframework.web.servlet.resource.ResourceHttpRequestHandler]
===2018-05-04 17:46:34.233 INFO  org.springframework.web.servlet.handler.SimpleUrlHandlerMapping Line:373 - Mapped URL path [/**] onto handler of type [class org.springframework.web.servlet.resource.ResourceHttpRequestHandler]
===2018-05-04 17:46:34.946 INFO  org.springframework.jmx.export.annotation.AnnotationMBeanExporter Line:433 - Registering beans for JMX exposure on startup
===2018-05-04 17:46:34.948 INFO  org.springframework.jmx.export.annotation.AnnotationMBeanExporter Line:895 - Bean with name 'primaryDataSource ' has been autodetected for JMX exposure
===2018-05-04 17:46:34.956 INFO  org.springframework.jmx.export.annotation.AnnotationMBeanExporter Line:668 - Located MBean 'primaryDataSource ': registering with JMX server as MBean [com.alibaba.druid.pool:name=primaryDataSource ,type=DruidDataSource]
===2018-05-04 17:46:35.092 INFO  org.springframework.boot.web.embedded.tomcat.TomcatWebServer Line:206 - Tomcat started on port(s): 80 (http) with context path ''
===2018-05-04 17:46:35.097 INFO  com.core.tbIetpCoreApplication Line:59  - Started tbIetpCoreApplication in 7.351 seconds (JVM running for 7.831)
===2018-05-04 17:47:52.402 INFO  org.springframework.web.servlet.DispatcherServlet Line:494 - FrameworkServlet 'dispatcherServlet': initialization started
===2018-05-04 17:47:52.435 INFO  org.springframework.web.servlet.DispatcherServlet Line:509 - FrameworkServlet 'dispatcherServlet': initialization completed in 33 ms
===2018-05-04 17:47:52.588 INFO  io.lettuce.core.EpollProvider Line:101 - Starting without optional epoll library
===2018-05-04 17:47:52.590 INFO  io.lettuce.core.KqueueProvider Line:101 - Starting without optional kqueue library
===2018-05-04 17:47:53.776 INFO  com.alibaba.druid.pool.DruidDataSource Line:106 - {dataSource-1} inited
===2018-05-04 17:55:04.763 INFO  com.core.tbIetpCoreApplication Line:50  - Starting tbIetpCoreApplication on KING with PID 9672 (E:\founder\work-tvm\tbIetp-core\target\classes started by user in E:\founder\work-tvm\tbIetp-core)
===2018-05-04 17:55:04.768 INFO  com.core.tbIetpCoreApplication Line:663 - The following profiles are active: dev
===2018-05-04 17:55:05.111 INFO  org.springframework.boot.web.servlet.context.AnnotationConfigServletWebServerApplicationContext Line:590 - Refreshing org.springframework.boot.web.servlet.context.AnnotationConfigServletWebServerApplicationContext@55740540: startup date [Fri May 04 17:55:05 CST 2018]; root of context hierarchy
===2018-05-04 17:55:06.527 INFO  org.springframework.beans.factory.support.DefaultListableBeanFactory Line:824 - Overriding bean definition for bean 'primaryDataSource ' with a different definition: replacing [Root bean: class [null]; scope=; abstract=false; lazyInit=false; autowireMode=3; dependencyCheck=0; autowireCandidate=true; primary=false; factoryBeanName=dataSourceConfig; factoryMethodName=sqlSessionFactory; initMethodName=null; destroyMethodName=(inferred); defined in class path resource [com/core/config/DataSourceConfig.class]] with [Root bean: class [null]; scope=; abstract=false; lazyInit=false; autowireMode=3; dependencyCheck=0; autowireCandidate=true; primary=true; factoryBeanName=druidDBConfig; factoryMethodName=dataSource; initMethodName=null; destroyMethodName=(inferred); defined in class path resource [com/core/config/DruidDBConfig.class]]
===2018-05-04 17:55:06.528 INFO  org.springframework.beans.factory.support.DefaultListableBeanFactory Line:824 - Overriding bean definition for bean 'subordinationDataSource ' with a different definition: replacing [Root bean: class [null]; scope=; abstract=false; lazyInit=false; autowireMode=3; dependencyCheck=0; autowireCandidate=true; primary=false; factoryBeanName=dataSourceConfig2; factoryMethodName=sqlSessionFactory; initMethodName=null; destroyMethodName=(inferred); defined in class path resource [com/core/config/DataSourceConfig2.class]] with [Root bean: class [null]; scope=; abstract=false; lazyInit=false; autowireMode=3; dependencyCheck=0; autowireCandidate=true; primary=false; factoryBeanName=druidDBConfig2; factoryMethodName=dataSource; initMethodName=null; destroyMethodName=(inferred); defined in class path resource [com/core/config/DruidDBConfig2.class]]
===2018-05-04 17:55:06.929 INFO  org.springframework.data.repository.config.RepositoryConfigurationDelegate Line:163 - Multiple Spring Data modules found, entering strict repository configuration mode!
===2018-05-04 17:55:07.607 INFO  org.springframework.context.support.PostProcessorRegistrationDelegate$BeanPostProcessorChecker Line:328 - Bean 'org.springframework.transaction.annotation.ProxyTransactionManagementConfiguration' of type [org.springframework.transaction.annotation.ProxyTransactionManagementConfiguration$$EnhancerBySpringCGLIB$$2a1bfeb4] is not eligible for getting processed by all BeanPostProcessors (for example: not eligible for auto-proxying)
===2018-05-04 17:55:08.409 INFO  org.springframework.boot.web.embedded.tomcat.TomcatWebServer Line:91  - Tomcat initialized with port(s): 80 (http)
===2018-05-04 17:55:08.574 INFO  org.springframework.web.context.ContextLoader Line:285 - Root WebApplicationContext: initialization completed in 3463 ms
===2018-05-04 17:55:08.824 INFO  org.springframework.boot.web.servlet.ServletRegistrationBean Line:185 - Servlet dispatcherServlet mapped to [/]
===2018-05-04 17:55:08.826 INFO  org.springframework.boot.web.servlet.ServletRegistrationBean Line:185 - Servlet statViewServlet mapped to [/druid/*]
===2018-05-04 17:55:08.830 INFO  org.springframework.boot.web.servlet.FilterRegistrationBean Line:244 - Mapping filter: 'characterEncodingFilter' to: [/*]
===2018-05-04 17:55:08.830 INFO  org.springframework.boot.web.servlet.FilterRegistrationBean Line:244 - Mapping filter: 'hiddenHttpMethodFilter' to: [/*]
===2018-05-04 17:55:08.831 INFO  org.springframework.boot.web.servlet.FilterRegistrationBean Line:244 - Mapping filter: 'httpPutFormContentFilter' to: [/*]
===2018-05-04 17:55:08.831 INFO  org.springframework.boot.web.servlet.FilterRegistrationBean Line:244 - Mapping filter: 'requestContextFilter' to: [/*]
===2018-05-04 17:55:08.832 INFO  org.springframework.boot.web.servlet.FilterRegistrationBean Line:257 - Mapping filter: 'webStatFilter' to urls: [/*]
===2018-05-04 17:55:10.137 INFO  org.springframework.web.servlet.handler.SimpleUrlHandlerMapping Line:373 - Mapped URL path [/**/favicon.ico] onto handler of type [class org.springframework.web.servlet.resource.ResourceHttpRequestHandler]
===2018-05-04 17:55:10.723 INFO  org.springframework.web.servlet.mvc.method.annotation.RequestMappingHandlerAdapter Line:574 - Looking for @ControllerAdvice: org.springframework.boot.web.servlet.context.AnnotationConfigServletWebServerApplicationContext@55740540: startup date [Fri May 04 17:55:05 CST 2018]; root of context hierarchy
===2018-05-04 17:55:10.866 INFO  org.springframework.web.servlet.mvc.method.annotation.RequestMappingHandlerMapping Line:547 - Mapped "{[/user/add],methods=[GET]}" onto public void com.core.controller.UserController.add()
===2018-05-04 17:55:10.868 INFO  org.springframework.web.servlet.mvc.method.annotation.RequestMappingHandlerMapping Line:547 - Mapped "{[/user/all],methods=[GET]}" onto public java.lang.Object com.core.controller.UserController.findAllUser(int,int)
===2018-05-04 17:55:10.877 INFO  org.springframework.web.servlet.mvc.method.annotation.RequestMappingHandlerMapping Line:547 - Mapped "{[/error]}" onto public org.springframework.http.ResponseEntity<java.util.Map<java.lang.String, java.lang.Object>> org.springframework.boot.autoconfigure.web.servlet.error.BasicErrorController.error(javax.servlet.http.HttpServletRequest)
===2018-05-04 17:55:10.877 INFO  org.springframework.web.servlet.mvc.method.annotation.RequestMappingHandlerMapping Line:547 - Mapped "{[/error],produces=[text/html]}" onto public org.springframework.web.servlet.ModelAndView org.springframework.boot.autoconfigure.web.servlet.error.BasicErrorController.errorHtml(javax.servlet.http.HttpServletRequest,javax.servlet.http.HttpServletResponse)
===2018-05-04 17:55:10.968 INFO  org.springframework.web.servlet.handler.SimpleUrlHandlerMapping Line:373 - Mapped URL path [/webjars/**] onto handler of type [class org.springframework.web.servlet.resource.ResourceHttpRequestHandler]
===2018-05-04 17:55:10.969 INFO  org.springframework.web.servlet.handler.SimpleUrlHandlerMapping Line:373 - Mapped URL path [/**] onto handler of type [class org.springframework.web.servlet.resource.ResourceHttpRequestHandler]
===2018-05-04 17:55:11.635 INFO  org.springframework.jmx.export.annotation.AnnotationMBeanExporter Line:433 - Registering beans for JMX exposure on startup
===2018-05-04 17:55:11.636 INFO  org.springframework.jmx.export.annotation.AnnotationMBeanExporter Line:895 - Bean with name 'primaryDataSource ' has been autodetected for JMX exposure
===2018-05-04 17:55:11.637 INFO  org.springframework.jmx.export.annotation.AnnotationMBeanExporter Line:895 - Bean with name 'subordinationDataSource ' has been autodetected for JMX exposure
===2018-05-04 17:55:11.644 INFO  org.springframework.jmx.export.annotation.AnnotationMBeanExporter Line:668 - Located MBean 'subordinationDataSource ': registering with JMX server as MBean [com.alibaba.druid.pool:name=subordinationDataSource ,type=DruidDataSource]
===2018-05-04 17:55:11.648 INFO  org.springframework.jmx.export.annotation.AnnotationMBeanExporter Line:668 - Located MBean 'primaryDataSource ': registering with JMX server as MBean [com.alibaba.druid.pool:name=primaryDataSource ,type=DruidDataSource]
===2018-05-04 17:55:11.700 INFO  org.springframework.boot.web.embedded.tomcat.TomcatWebServer Line:206 - Tomcat started on port(s): 80 (http) with context path ''
===2018-05-04 17:55:11.705 INFO  com.core.tbIetpCoreApplication Line:59  - Started tbIetpCoreApplication in 7.679 seconds (JVM running for 8.115)
===2018-05-04 17:55:15.099 INFO  org.springframework.web.servlet.DispatcherServlet Line:494 - FrameworkServlet 'dispatcherServlet': initialization started
===2018-05-04 17:55:15.154 INFO  org.springframework.web.servlet.DispatcherServlet Line:509 - FrameworkServlet 'dispatcherServlet': initialization completed in 55 ms
===2018-05-04 17:55:15.363 INFO  io.lettuce.core.EpollProvider Line:101 - Starting without optional epoll library
===2018-05-04 17:55:15.365 INFO  io.lettuce.core.KqueueProvider Line:101 - Starting without optional kqueue library
===2018-05-04 17:55:16.754 INFO  com.alibaba.druid.pool.DruidDataSource Line:106 - {dataSource-1} inited
===2018-05-04 17:57:17.034 INFO  com.core.tbIetpCoreApplication Line:50  - Starting tbIetpCoreApplication on KING with PID 13164 (E:\founder\work-tvm\tbIetp-core\target\classes started by user in E:\founder\work-tvm\tbIetp-core)
===2018-05-04 17:57:17.093 INFO  com.core.tbIetpCoreApplication Line:663 - The following profiles are active: dev
===2018-05-04 17:57:17.230 INFO  org.springframework.boot.web.servlet.context.AnnotationConfigServletWebServerApplicationContext Line:590 - Refreshing org.springframework.boot.web.servlet.context.AnnotationConfigServletWebServerApplicationContext@37f1104d: startup date [Fri May 04 17:57:17 CST 2018]; root of context hierarchy
===2018-05-04 17:57:18.374 INFO  org.springframework.boot.web.servlet.context.AnnotationConfigServletWebServerApplicationContext Line:993 - Closing org.springframework.boot.web.servlet.context.AnnotationConfigServletWebServerApplicationContext@37f1104d: startup date [Fri May 04 17:57:17 CST 2018]; root of context hierarchy
===2018-05-04 17:58:15.737 INFO  com.core.tbIetpCoreApplication Line:50  - Starting tbIetpCoreApplication on KING with PID 16316 (E:\founder\work-tvm\tbIetp-core\target\classes started by user in E:\founder\work-tvm\tbIetp-core)
===2018-05-04 17:58:15.741 INFO  com.core.tbIetpCoreApplication Line:663 - The following profiles are active: dev
===2018-05-04 17:58:15.896 INFO  org.springframework.boot.web.servlet.context.AnnotationConfigServletWebServerApplicationContext Line:590 - Refreshing org.springframework.boot.web.servlet.context.AnnotationConfigServletWebServerApplicationContext@55740540: startup date [Fri May 04 17:58:15 CST 2018]; root of context hierarchy
===2018-05-04 17:58:17.157 INFO  org.springframework.beans.factory.support.DefaultListableBeanFactory Line:824 - Overriding bean definition for bean 'primaryDataSource ' with a different definition: replacing [Root bean: class [null]; scope=; abstract=false; lazyInit=false; autowireMode=3; dependencyCheck=0; autowireCandidate=true; primary=false; factoryBeanName=dataSourceConfig; factoryMethodName=sqlSessionFactory; initMethodName=null; destroyMethodName=(inferred); defined in class path resource [com/core/config/DataSourceConfig.class]] with [Root bean: class [null]; scope=; abstract=false; lazyInit=false; autowireMode=3; dependencyCheck=0; autowireCandidate=true; primary=true; factoryBeanName=druidDBConfig; factoryMethodName=dataSource; initMethodName=null; destroyMethodName=(inferred); defined in class path resource [com/core/config/DruidDBConfig.class]]
===2018-05-04 17:58:17.158 INFO  org.springframework.beans.factory.support.DefaultListableBeanFactory Line:824 - Overriding bean definition for bean 'subordinationDataSource ' with a different definition: replacing [Root bean: class [null]; scope=; abstract=false; lazyInit=false; autowireMode=3; dependencyCheck=0; autowireCandidate=true; primary=false; factoryBeanName=dataSourceConfig2; factoryMethodName=sqlSessionFactory; initMethodName=null; destroyMethodName=(inferred); defined in class path resource [com/core/config/DataSourceConfig2.class]] with [Root bean: class [null]; scope=; abstract=false; lazyInit=false; autowireMode=3; dependencyCheck=0; autowireCandidate=true; primary=false; factoryBeanName=druidDBConfig2; factoryMethodName=dataSource; initMethodName=null; destroyMethodName=(inferred); defined in class path resource [com/core/config/DruidDBConfig2.class]]
===2018-05-04 17:58:17.453 INFO  org.springframework.data.repository.config.RepositoryConfigurationDelegate Line:163 - Multiple Spring Data modules found, entering strict repository configuration mode!
===2018-05-04 17:58:18.144 INFO  org.springframework.context.support.PostProcessorRegistrationDelegate$BeanPostProcessorChecker Line:328 - Bean 'org.springframework.transaction.annotation.ProxyTransactionManagementConfiguration' of type [org.springframework.transaction.annotation.ProxyTransactionManagementConfiguration$$EnhancerBySpringCGLIB$$4d72d455] is not eligible for getting processed by all BeanPostProcessors (for example: not eligible for auto-proxying)
===2018-05-04 17:58:18.914 INFO  org.springframework.boot.web.embedded.tomcat.TomcatWebServer Line:91  - Tomcat initialized with port(s): 80 (http)
===2018-05-04 17:58:19.057 INFO  org.springframework.web.context.ContextLoader Line:285 - Root WebApplicationContext: initialization completed in 3161 ms
===2018-05-04 17:58:19.309 INFO  org.springframework.boot.web.servlet.ServletRegistrationBean Line:185 - Servlet dispatcherServlet mapped to [/]
===2018-05-04 17:58:19.312 INFO  org.springframework.boot.web.servlet.ServletRegistrationBean Line:185 - Servlet statViewServlet mapped to [/druid/*]
===2018-05-04 17:58:19.317 INFO  org.springframework.boot.web.servlet.FilterRegistrationBean Line:244 - Mapping filter: 'characterEncodingFilter' to: [/*]
===2018-05-04 17:58:19.318 INFO  org.springframework.boot.web.servlet.FilterRegistrationBean Line:244 - Mapping filter: 'hiddenHttpMethodFilter' to: [/*]
===2018-05-04 17:58:19.318 INFO  org.springframework.boot.web.servlet.FilterRegistrationBean Line:244 - Mapping filter: 'httpPutFormContentFilter' to: [/*]
===2018-05-04 17:58:19.318 INFO  org.springframework.boot.web.servlet.FilterRegistrationBean Line:244 - Mapping filter: 'requestContextFilter' to: [/*]
===2018-05-04 17:58:19.318 INFO  org.springframework.boot.web.servlet.FilterRegistrationBean Line:257 - Mapping filter: 'webStatFilter' to urls: [/*]
===2018-05-04 17:58:20.445 INFO  org.springframework.web.servlet.handler.SimpleUrlHandlerMapping Line:373 - Mapped URL path [/**/favicon.ico] onto handler of type [class org.springframework.web.servlet.resource.ResourceHttpRequestHandler]
===2018-05-04 17:58:20.937 INFO  org.springframework.web.servlet.mvc.method.annotation.RequestMappingHandlerAdapter Line:574 - Looking for @ControllerAdvice: org.springframework.boot.web.servlet.context.AnnotationConfigServletWebServerApplicationContext@55740540: startup date [Fri May 04 17:58:15 CST 2018]; root of context hierarchy
===2018-05-04 17:58:21.050 INFO  org.springframework.web.servlet.mvc.method.annotation.RequestMappingHandlerMapping Line:547 - Mapped "{[/user/add],methods=[GET]}" onto public void com.core.controller.UserController.add()
===2018-05-04 17:58:21.052 INFO  org.springframework.web.servlet.mvc.method.annotation.RequestMappingHandlerMapping Line:547 - Mapped "{[/user/all],methods=[GET]}" onto public java.lang.Object com.core.controller.UserController.findAllUser(int,int)
===2018-05-04 17:58:21.059 INFO  org.springframework.web.servlet.mvc.method.annotation.RequestMappingHandlerMapping Line:547 - Mapped "{[/error]}" onto public org.springframework.http.ResponseEntity<java.util.Map<java.lang.String, java.lang.Object>> org.springframework.boot.autoconfigure.web.servlet.error.BasicErrorController.error(javax.servlet.http.HttpServletRequest)
===2018-05-04 17:58:21.059 INFO  org.springframework.web.servlet.mvc.method.annotation.RequestMappingHandlerMapping Line:547 - Mapped "{[/error],produces=[text/html]}" onto public org.springframework.web.servlet.ModelAndView org.springframework.boot.autoconfigure.web.servlet.error.BasicErrorController.errorHtml(javax.servlet.http.HttpServletRequest,javax.servlet.http.HttpServletResponse)
===2018-05-04 17:58:21.149 INFO  org.springframework.web.servlet.handler.SimpleUrlHandlerMapping Line:373 - Mapped URL path [/webjars/**] onto handler of type [class org.springframework.web.servlet.resource.ResourceHttpRequestHandler]
===2018-05-04 17:58:21.149 INFO  org.springframework.web.servlet.handler.SimpleUrlHandlerMapping Line:373 - Mapped URL path [/**] onto handler of type [class org.springframework.web.servlet.resource.ResourceHttpRequestHandler]
===2018-05-04 17:58:21.693 INFO  org.springframework.jmx.export.annotation.AnnotationMBeanExporter Line:433 - Registering beans for JMX exposure on startup
===2018-05-04 17:58:21.695 INFO  org.springframework.jmx.export.annotation.AnnotationMBeanExporter Line:895 - Bean with name 'primaryDataSource ' has been autodetected for JMX exposure
===2018-05-04 17:58:21.695 INFO  org.springframework.jmx.export.annotation.AnnotationMBeanExporter Line:895 - Bean with name 'subordinationDataSource ' has been autodetected for JMX exposure
===2018-05-04 17:58:21.701 INFO  org.springframework.jmx.export.annotation.AnnotationMBeanExporter Line:668 - Located MBean 'subordinationDataSource ': registering with JMX server as MBean [com.alibaba.druid.pool:name=subordinationDataSource ,type=DruidDataSource]
===2018-05-04 17:58:21.704 INFO  org.springframework.jmx.export.annotation.AnnotationMBeanExporter Line:668 - Located MBean 'primaryDataSource ': registering with JMX server as MBean [com.alibaba.druid.pool:name=primaryDataSource ,type=DruidDataSource]
===2018-05-04 17:58:21.760 INFO  org.springframework.boot.web.embedded.tomcat.TomcatWebServer Line:206 - Tomcat started on port(s): 80 (http) with context path ''
===2018-05-04 17:58:21.764 INFO  com.core.tbIetpCoreApplication Line:59  - Started tbIetpCoreApplication in 6.67 seconds (JVM running for 7.136)
===2018-05-04 17:58:25.263 INFO  org.springframework.web.servlet.DispatcherServlet Line:494 - FrameworkServlet 'dispatcherServlet': initialization started
===2018-05-04 17:58:25.300 INFO  org.springframework.web.servlet.DispatcherServlet Line:509 - FrameworkServlet 'dispatcherServlet': initialization completed in 37 ms
===2018-05-04 17:58:25.548 INFO  io.lettuce.core.EpollProvider Line:101 - Starting without optional epoll library
===2018-05-04 17:58:25.550 INFO  io.lettuce.core.KqueueProvider Line:101 - Starting without optional kqueue library
===2018-05-04 17:58:26.994 INFO  com.alibaba.druid.pool.DruidDataSource Line:106 - {dataSource-1} inited
===2018-05-04 18:07:15.032 INFO  com.core.tbIetpCoreApplication Line:50  - Starting tbIetpCoreApplication on KING with PID 13948 (E:\founder\work-tvm\tbIetp-core\target\classes started by user in E:\founder\work-tvm\tbIetp-core)
===2018-05-04 18:07:15.042 INFO  com.core.tbIetpCoreApplication Line:663 - The following profiles are active: dev
===2018-05-04 18:07:15.242 INFO  org.springframework.boot.web.servlet.context.AnnotationConfigServletWebServerApplicationContext Line:590 - Refreshing org.springframework.boot.web.servlet.context.AnnotationConfigServletWebServerApplicationContext@37f1104d: startup date [Fri May 04 18:07:15 CST 2018]; root of context hierarchy
===2018-05-04 18:07:16.572 INFO  org.springframework.beans.factory.support.DefaultListableBeanFactory Line:824 - Overriding bean definition for bean 'primaryDataSource ' with a different definition: replacing [Root bean: class [null]; scope=; abstract=false; lazyInit=false; autowireMode=3; dependencyCheck=0; autowireCandidate=true; primary=false; factoryBeanName=dataSourceConfig; factoryMethodName=sqlSessionFactory; initMethodName=null; destroyMethodName=(inferred); defined in class path resource [com/core/config/DataSourceConfig.class]] with [Root bean: class [null]; scope=; abstract=false; lazyInit=false; autowireMode=3; dependencyCheck=0; autowireCandidate=true; primary=true; factoryBeanName=druidDBConfig; factoryMethodName=dataSource; initMethodName=null; destroyMethodName=(inferred); defined in class path resource [com/core/config/DruidDBConfig.class]]
===2018-05-04 18:07:16.576 INFO  org.springframework.beans.factory.support.DefaultListableBeanFactory Line:824 - Overriding bean definition for bean 'subordinationDataSource ' with a different definition: replacing [Root bean: class [null]; scope=; abstract=false; lazyInit=false; autowireMode=3; dependencyCheck=0; autowireCandidate=true; primary=false; factoryBeanName=dataSourceConfig2; factoryMethodName=sqlSessionFactory; initMethodName=null; destroyMethodName=(inferred); defined in class path resource [com/core/config/DataSourceConfig2.class]] with [Root bean: class [null]; scope=; abstract=false; lazyInit=false; autowireMode=3; dependencyCheck=0; autowireCandidate=true; primary=false; factoryBeanName=druidDBConfig2; factoryMethodName=dataSource; initMethodName=null; destroyMethodName=(inferred); defined in class path resource [com/core/config/DruidDBConfig2.class]]
===2018-05-04 18:07:16.978 INFO  org.springframework.data.repository.config.RepositoryConfigurationDelegate Line:163 - Multiple Spring Data modules found, entering strict repository configuration mode!
===2018-05-04 18:07:17.648 INFO  org.springframework.context.support.PostProcessorRegistrationDelegate$BeanPostProcessorChecker Line:328 - Bean 'org.springframework.transaction.annotation.ProxyTransactionManagementConfiguration' of type [org.springframework.transaction.annotation.ProxyTransactionManagementConfiguration$$EnhancerBySpringCGLIB$$c2ef755] is not eligible for getting processed by all BeanPostProcessors (for example: not eligible for auto-proxying)
===2018-05-04 18:07:18.433 INFO  org.springframework.boot.web.embedded.tomcat.TomcatWebServer Line:91  - Tomcat initialized with port(s): 80 (http)
===2018-05-04 18:07:18.582 INFO  org.springframework.web.context.ContextLoader Line:285 - Root WebApplicationContext: initialization completed in 3340 ms
===2018-05-04 18:07:18.818 INFO  org.springframework.boot.web.servlet.ServletRegistrationBean Line:185 - Servlet dispatcherServlet mapped to [/]
===2018-05-04 18:07:18.821 INFO  org.springframework.boot.web.servlet.ServletRegistrationBean Line:185 - Servlet statViewServlet mapped to [/druid/*]
===2018-05-04 18:07:18.830 INFO  org.springframework.boot.web.servlet.FilterRegistrationBean Line:244 - Mapping filter: 'characterEncodingFilter' to: [/*]
===2018-05-04 18:07:18.831 INFO  org.springframework.boot.web.servlet.FilterRegistrationBean Line:244 - Mapping filter: 'hiddenHttpMethodFilter' to: [/*]
===2018-05-04 18:07:18.831 INFO  org.springframework.boot.web.servlet.FilterRegistrationBean Line:244 - Mapping filter: 'httpPutFormContentFilter' to: [/*]
===2018-05-04 18:07:18.831 INFO  org.springframework.boot.web.servlet.FilterRegistrationBean Line:244 - Mapping filter: 'requestContextFilter' to: [/*]
===2018-05-04 18:07:18.831 INFO  org.springframework.boot.web.servlet.FilterRegistrationBean Line:257 - Mapping filter: 'webStatFilter' to urls: [/*]
===2018-05-04 18:07:20.144 INFO  org.springframework.web.servlet.handler.SimpleUrlHandlerMapping Line:373 - Mapped URL path [/**/favicon.ico] onto handler of type [class org.springframework.web.servlet.resource.ResourceHttpRequestHandler]
===2018-05-04 18:07:20.719 INFO  org.springframework.web.servlet.mvc.method.annotation.RequestMappingHandlerAdapter Line:574 - Looking for @ControllerAdvice: org.springframework.boot.web.servlet.context.AnnotationConfigServletWebServerApplicationContext@37f1104d: startup date [Fri May 04 18:07:15 CST 2018]; root of context hierarchy
===2018-05-04 18:07:20.826 INFO  org.springframework.web.servlet.mvc.method.annotation.RequestMappingHandlerMapping Line:547 - Mapped "{[/user/add],methods=[GET]}" onto public void com.core.controller.UserController.add()
===2018-05-04 18:07:20.827 INFO  org.springframework.web.servlet.mvc.method.annotation.RequestMappingHandlerMapping Line:547 - Mapped "{[/user/all],methods=[GET]}" onto public java.lang.Object com.core.controller.UserController.findAllUser(int,int)
===2018-05-04 18:07:20.842 INFO  org.springframework.web.servlet.mvc.method.annotation.RequestMappingHandlerMapping Line:547 - Mapped "{[/error]}" onto public org.springframework.http.ResponseEntity<java.util.Map<java.lang.String, java.lang.Object>> org.springframework.boot.autoconfigure.web.servlet.error.BasicErrorController.error(javax.servlet.http.HttpServletRequest)
===2018-05-04 18:07:20.843 INFO  org.springframework.web.servlet.mvc.method.annotation.RequestMappingHandlerMapping Line:547 - Mapped "{[/error],produces=[text/html]}" onto public org.springframework.web.servlet.ModelAndView org.springframework.boot.autoconfigure.web.servlet.error.BasicErrorController.errorHtml(javax.servlet.http.HttpServletRequest,javax.servlet.http.HttpServletResponse)
===2018-05-04 18:07:20.940 INFO  org.springframework.web.servlet.handler.SimpleUrlHandlerMapping Line:373 - Mapped URL path [/webjars/**] onto handler of type [class org.springframework.web.servlet.resource.ResourceHttpRequestHandler]
===2018-05-04 18:07:20.940 INFO  org.springframework.web.servlet.handler.SimpleUrlHandlerMapping Line:373 - Mapped URL path [/**] onto handler of type [class org.springframework.web.servlet.resource.ResourceHttpRequestHandler]
===2018-05-04 18:07:21.535 INFO  org.springframework.jmx.export.annotation.AnnotationMBeanExporter Line:433 - Registering beans for JMX exposure on startup
===2018-05-04 18:07:21.536 INFO  org.springframework.jmx.export.annotation.AnnotationMBeanExporter Line:895 - Bean with name 'primaryDataSource ' has been autodetected for JMX exposure
===2018-05-04 18:07:21.537 INFO  org.springframework.jmx.export.annotation.AnnotationMBeanExporter Line:895 - Bean with name 'subordinationDataSource ' has been autodetected for JMX exposure
===2018-05-04 18:07:21.550 INFO  org.springframework.jmx.export.annotation.AnnotationMBeanExporter Line:668 - Located MBean 'subordinationDataSource ': registering with JMX server as MBean [com.alibaba.druid.pool:name=subordinationDataSource ,type=DruidDataSource]
===2018-05-04 18:07:21.558 INFO  org.springframework.jmx.export.annotation.AnnotationMBeanExporter Line:668 - Located MBean 'primaryDataSource ': registering with JMX server as MBean [com.alibaba.druid.pool:name=primaryDataSource ,type=DruidDataSource]
===2018-05-04 18:07:21.632 INFO  org.springframework.boot.web.embedded.tomcat.TomcatWebServer Line:206 - Tomcat started on port(s): 80 (http) with context path ''
===2018-05-04 18:07:21.636 INFO  com.core.tbIetpCoreApplication Line:59  - Started tbIetpCoreApplication in 7.261 seconds (JVM running for 7.686)
===2018-05-04 18:07:25.991 INFO  org.springframework.web.servlet.DispatcherServlet Line:494 - FrameworkServlet 'dispatcherServlet': initialization started
===2018-05-04 18:07:26.043 INFO  org.springframework.web.servlet.DispatcherServlet Line:509 - FrameworkServlet 'dispatcherServlet': initialization completed in 52 ms
===2018-05-04 18:07:26.257 INFO  io.lettuce.core.EpollProvider Line:101 - Starting without optional epoll library
===2018-05-04 18:07:26.259 INFO  io.lettuce.core.KqueueProvider Line:101 - Starting without optional kqueue library
===2018-05-04 18:07:27.583 INFO  com.alibaba.druid.pool.DruidDataSource Line:106 - {dataSource-1} inited
===2018-05-04 18:13:31.426 INFO  com.core.tbIetpCoreApplication Line:50  - Starting tbIetpCoreApplication on KING with PID 18284 (E:\founder\work-tvm\tbIetp-core\target\classes started by user in E:\founder\work-tvm\tbIetp-core)
===2018-05-04 18:13:31.428 INFO  com.core.tbIetpCoreApplication Line:663 - The following profiles are active: dev
===2018-05-04 18:13:31.615 INFO  org.springframework.boot.web.servlet.context.AnnotationConfigServletWebServerApplicationContext Line:590 - Refreshing org.springframework.boot.web.servlet.context.AnnotationConfigServletWebServerApplicationContext@37f1104d: startup date [Fri May 04 18:13:31 CST 2018]; root of context hierarchy
===2018-05-04 18:13:33.314 INFO  org.springframework.data.repository.config.RepositoryConfigurationDelegate Line:163 - Multiple Spring Data modules found, entering strict repository configuration mode!
===2018-05-04 18:13:34.199 INFO  org.springframework.context.support.PostProcessorRegistrationDelegate$BeanPostProcessorChecker Line:328 - Bean 'org.springframework.transaction.annotation.ProxyTransactionManagementConfiguration' of type [org.springframework.transaction.annotation.ProxyTransactionManagementConfiguration$$EnhancerBySpringCGLIB$$a81da618] is not eligible for getting processed by all BeanPostProcessors (for example: not eligible for auto-proxying)
===2018-05-04 18:13:35.017 INFO  org.springframework.boot.web.embedded.tomcat.TomcatWebServer Line:91  - Tomcat initialized with port(s): 80 (http)
===2018-05-04 18:13:35.181 INFO  org.springframework.web.context.ContextLoader Line:285 - Root WebApplicationContext: initialization completed in 3566 ms
===2018-05-04 18:13:35.504 INFO  org.springframework.boot.web.servlet.ServletRegistrationBean Line:185 - Servlet dispatcherServlet mapped to [/]
===2018-05-04 18:13:35.508 INFO  org.springframework.boot.web.servlet.ServletRegistrationBean Line:185 - Servlet statViewServlet mapped to [/druid/*]
===2018-05-04 18:13:35.512 INFO  org.springframework.boot.web.servlet.FilterRegistrationBean Line:244 - Mapping filter: 'characterEncodingFilter' to: [/*]
===2018-05-04 18:13:35.513 INFO  org.springframework.boot.web.servlet.FilterRegistrationBean Line:244 - Mapping filter: 'hiddenHttpMethodFilter' to: [/*]
===2018-05-04 18:13:35.513 INFO  org.springframework.boot.web.servlet.FilterRegistrationBean Line:244 - Mapping filter: 'httpPutFormContentFilter' to: [/*]
===2018-05-04 18:13:35.513 INFO  org.springframework.boot.web.servlet.FilterRegistrationBean Line:244 - Mapping filter: 'requestContextFilter' to: [/*]
===2018-05-04 18:13:35.513 INFO  org.springframework.boot.web.servlet.FilterRegistrationBean Line:257 - Mapping filter: 'webStatFilter' to urls: [/*]
===2018-05-04 18:13:58.813 INFO  com.core.tbIetpCoreApplication Line:50  - Starting tbIetpCoreApplication on KING with PID 228 (E:\founder\work-tvm\tbIetp-core\target\classes started by user in E:\founder\work-tvm\tbIetp-core)
===2018-05-04 18:13:58.815 INFO  com.core.tbIetpCoreApplication Line:663 - The following profiles are active: dev
===2018-05-04 18:13:58.961 INFO  org.springframework.boot.web.servlet.context.AnnotationConfigServletWebServerApplicationContext Line:590 - Refreshing org.springframework.boot.web.servlet.context.AnnotationConfigServletWebServerApplicationContext@37f1104d: startup date [Fri May 04 18:13:58 CST 2018]; root of context hierarchy
===2018-05-04 18:14:00.444 INFO  org.springframework.data.repository.config.RepositoryConfigurationDelegate Line:163 - Multiple Spring Data modules found, entering strict repository configuration mode!
===2018-05-04 18:14:01.464 INFO  org.springframework.context.support.PostProcessorRegistrationDelegate$BeanPostProcessorChecker Line:328 - Bean 'org.springframework.transaction.annotation.ProxyTransactionManagementConfiguration' of type [org.springframework.transaction.annotation.ProxyTransactionManagementConfiguration$$EnhancerBySpringCGLIB$$405a8907] is not eligible for getting processed by all BeanPostProcessors (for example: not eligible for auto-proxying)
===2018-05-04 18:14:02.299 INFO  org.springframework.boot.web.embedded.tomcat.TomcatWebServer Line:91  - Tomcat initialized with port(s): 80 (http)
===2018-05-04 18:14:02.444 INFO  org.springframework.web.context.ContextLoader Line:285 - Root WebApplicationContext: initialization completed in 3483 ms
===2018-05-04 18:14:02.696 INFO  org.springframework.boot.web.servlet.ServletRegistrationBean Line:185 - Servlet dispatcherServlet mapped to [/]
===2018-05-04 18:14:02.698 INFO  org.springframework.boot.web.servlet.ServletRegistrationBean Line:185 - Servlet statViewServlet mapped to [/druid/*]
===2018-05-04 18:14:02.702 INFO  org.springframework.boot.web.servlet.FilterRegistrationBean Line:244 - Mapping filter: 'characterEncodingFilter' to: [/*]
===2018-05-04 18:14:02.703 INFO  org.springframework.boot.web.servlet.FilterRegistrationBean Line:244 - Mapping filter: 'hiddenHttpMethodFilter' to: [/*]
===2018-05-04 18:14:02.703 INFO  org.springframework.boot.web.servlet.FilterRegistrationBean Line:244 - Mapping filter: 'httpPutFormContentFilter' to: [/*]
===2018-05-04 18:14:02.704 INFO  org.springframework.boot.web.servlet.FilterRegistrationBean Line:244 - Mapping filter: 'requestContextFilter' to: [/*]
===2018-05-04 18:14:02.705 INFO  org.springframework.boot.web.servlet.FilterRegistrationBean Line:257 - Mapping filter: 'webStatFilter' to urls: [/*]
===2018-05-04 18:15:41.622 INFO  com.core.tbIetpCoreApplication Line:50  - Starting tbIetpCoreApplication on KING with PID 17620 (E:\founder\work-tvm\tbIetp-core\target\classes started by user in E:\founder\work-tvm\tbIetp-core)
===2018-05-04 18:15:41.625 INFO  com.core.tbIetpCoreApplication Line:663 - The following profiles are active: dev
===2018-05-04 18:15:41.845 INFO  org.springframework.boot.web.servlet.context.AnnotationConfigServletWebServerApplicationContext Line:590 - Refreshing org.springframework.boot.web.servlet.context.AnnotationConfigServletWebServerApplicationContext@37f1104d: startup date [Fri May 04 18:15:41 CST 2018]; root of context hierarchy
===2018-05-04 18:15:43.663 INFO  org.springframework.data.repository.config.RepositoryConfigurationDelegate Line:163 - Multiple Spring Data modules found, entering strict repository configuration mode!
===2018-05-04 18:15:44.404 INFO  org.springframework.context.support.PostProcessorRegistrationDelegate$BeanPostProcessorChecker Line:328 - Bean 'org.springframework.transaction.annotation.ProxyTransactionManagementConfiguration' of type [org.springframework.transaction.annotation.ProxyTransactionManagementConfiguration$$EnhancerBySpringCGLIB$$8628216f] is not eligible for getting processed by all BeanPostProcessors (for example: not eligible for auto-proxying)
===2018-05-04 18:15:45.170 INFO  org.springframework.boot.web.embedded.tomcat.TomcatWebServer Line:91  - Tomcat initialized with port(s): 80 (http)
===2018-05-04 18:15:45.327 INFO  org.springframework.web.context.ContextLoader Line:285 - Root WebApplicationContext: initialization completed in 3482 ms
===2018-05-04 18:15:45.551 INFO  org.springframework.boot.web.servlet.ServletRegistrationBean Line:185 - Servlet dispatcherServlet mapped to [/]
===2018-05-04 18:15:45.553 INFO  org.springframework.boot.web.servlet.ServletRegistrationBean Line:185 - Servlet statViewServlet mapped to [/druid/*]
===2018-05-04 18:15:45.559 INFO  org.springframework.boot.web.servlet.FilterRegistrationBean Line:244 - Mapping filter: 'characterEncodingFilter' to: [/*]
===2018-05-04 18:15:45.559 INFO  org.springframework.boot.web.servlet.FilterRegistrationBean Line:244 - Mapping filter: 'hiddenHttpMethodFilter' to: [/*]
===2018-05-04 18:15:45.560 INFO  org.springframework.boot.web.servlet.FilterRegistrationBean Line:244 - Mapping filter: 'httpPutFormContentFilter' to: [/*]
===2018-05-04 18:15:45.560 INFO  org.springframework.boot.web.servlet.FilterRegistrationBean Line:244 - Mapping filter: 'requestContextFilter' to: [/*]
===2018-05-04 18:15:45.560 INFO  org.springframework.boot.web.servlet.FilterRegistrationBean Line:257 - Mapping filter: 'webStatFilter' to urls: [/*]
===2018-05-04 18:20:35.714 INFO  com.core.tbIetpCoreApplication Line:50  - Starting tbIetpCoreApplication on KING with PID 2616 (E:\founder\work-tvm\tbIetp-core\target\classes started by user in E:\founder\work-tvm\tbIetp-core)
===2018-05-04 18:20:35.716 INFO  com.core.tbIetpCoreApplication Line:663 - The following profiles are active: dev
===2018-05-04 18:20:35.842 INFO  org.springframework.boot.web.servlet.context.AnnotationConfigServletWebServerApplicationContext Line:590 - Refreshing org.springframework.boot.web.servlet.context.AnnotationConfigServletWebServerApplicationContext@55740540: startup date [Fri May 04 18:20:35 CST 2018]; root of context hierarchy
===2018-05-04 18:20:37.427 INFO  org.springframework.data.repository.config.RepositoryConfigurationDelegate Line:163 - Multiple Spring Data modules found, entering strict repository configuration mode!
===2018-05-04 18:20:38.118 INFO  org.springframework.context.support.PostProcessorRegistrationDelegate$BeanPostProcessorChecker Line:328 - Bean 'org.springframework.transaction.annotation.ProxyTransactionManagementConfiguration' of type [org.springframework.transaction.annotation.ProxyTransactionManagementConfiguration$$EnhancerBySpringCGLIB$$bdd34bb7] is not eligible for getting processed by all BeanPostProcessors (for example: not eligible for auto-proxying)
===2018-05-04 18:20:38.902 INFO  org.springframework.boot.web.embedded.tomcat.TomcatWebServer Line:91  - Tomcat initialized with port(s): 80 (http)
===2018-05-04 18:20:39.057 INFO  org.springframework.web.context.ContextLoader Line:285 - Root WebApplicationContext: initialization completed in 3215 ms
===2018-05-04 18:20:39.301 INFO  org.springframework.boot.web.servlet.ServletRegistrationBean Line:185 - Servlet dispatcherServlet mapped to [/]
===2018-05-04 18:20:39.304 INFO  org.springframework.boot.web.servlet.ServletRegistrationBean Line:185 - Servlet statViewServlet mapped to [/druid/*]
===2018-05-04 18:20:39.312 INFO  org.springframework.boot.web.servlet.FilterRegistrationBean Line:244 - Mapping filter: 'characterEncodingFilter' to: [/*]
===2018-05-04 18:20:39.313 INFO  org.springframework.boot.web.servlet.FilterRegistrationBean Line:244 - Mapping filter: 'hiddenHttpMethodFilter' to: [/*]
===2018-05-04 18:20:39.313 INFO  org.springframework.boot.web.servlet.FilterRegistrationBean Line:244 - Mapping filter: 'httpPutFormContentFilter' to: [/*]
===2018-05-04 18:20:39.313 INFO  org.springframework.boot.web.servlet.FilterRegistrationBean Line:244 - Mapping filter: 'requestContextFilter' to: [/*]
===2018-05-04 18:20:39.314 INFO  org.springframework.boot.web.servlet.FilterRegistrationBean Line:257 - Mapping filter: 'webStatFilter' to urls: [/*]
===2018-05-04 18:21:03.155 INFO  com.core.tbIetpCoreApplication Line:50  - Starting tbIetpCoreApplication on KING with PID 6096 (E:\founder\work-tvm\tbIetp-core\target\classes started by user in E:\founder\work-tvm\tbIetp-core)
===2018-05-04 18:21:03.157 INFO  com.core.tbIetpCoreApplication Line:663 - The following profiles are active: dev
===2018-05-04 18:21:03.325 INFO  org.springframework.boot.web.servlet.context.AnnotationConfigServletWebServerApplicationContext Line:590 - Refreshing org.springframework.boot.web.servlet.context.AnnotationConfigServletWebServerApplicationContext@37f1104d: startup date [Fri May 04 18:21:03 CST 2018]; root of context hierarchy
===2018-05-04 18:21:04.740 INFO  org.springframework.data.repository.config.RepositoryConfigurationDelegate Line:163 - Multiple Spring Data modules found, entering strict repository configuration mode!
===2018-05-04 18:21:05.490 INFO  org.springframework.context.support.PostProcessorRegistrationDelegate$BeanPostProcessorChecker Line:328 - Bean 'org.springframework.transaction.annotation.ProxyTransactionManagementConfiguration' of type [org.springframework.transaction.annotation.ProxyTransactionManagementConfiguration$$EnhancerBySpringCGLIB$$405a8907] is not eligible for getting processed by all BeanPostProcessors (for example: not eligible for auto-proxying)
===2018-05-04 18:21:06.298 INFO  org.springframework.boot.web.embedded.tomcat.TomcatWebServer Line:91  - Tomcat initialized with port(s): 80 (http)
===2018-05-04 18:21:06.447 INFO  org.springframework.web.context.ContextLoader Line:285 - Root WebApplicationContext: initialization completed in 3122 ms
===2018-05-04 18:21:06.676 INFO  org.springframework.boot.web.servlet.ServletRegistrationBean Line:185 - Servlet dispatcherServlet mapped to [/]
===2018-05-04 18:21:06.678 INFO  org.springframework.boot.web.servlet.ServletRegistrationBean Line:185 - Servlet statViewServlet mapped to [/druid/*]
===2018-05-04 18:21:06.683 INFO  org.springframework.boot.web.servlet.FilterRegistrationBean Line:244 - Mapping filter: 'characterEncodingFilter' to: [/*]
===2018-05-04 18:21:06.684 INFO  org.springframework.boot.web.servlet.FilterRegistrationBean Line:244 - Mapping filter: 'hiddenHttpMethodFilter' to: [/*]
===2018-05-04 18:21:06.684 INFO  org.springframework.boot.web.servlet.FilterRegistrationBean Line:244 - Mapping filter: 'httpPutFormContentFilter' to: [/*]
===2018-05-04 18:21:06.685 INFO  org.springframework.boot.web.servlet.FilterRegistrationBean Line:244 - Mapping filter: 'requestContextFilter' to: [/*]
===2018-05-04 18:21:06.685 INFO  org.springframework.boot.web.servlet.FilterRegistrationBean Line:257 - Mapping filter: 'webStatFilter' to urls: [/*]
===2018-05-04 18:21:47.035 INFO  com.core.tbIetpCoreApplication Line:50  - Starting tbIetpCoreApplication on KING with PID 17032 (E:\founder\work-tvm\tbIetp-core\target\classes started by user in E:\founder\work-tvm\tbIetp-core)
===2018-05-04 18:21:47.038 INFO  com.core.tbIetpCoreApplication Line:663 - The following profiles are active: dev
===2018-05-04 18:21:47.262 INFO  org.springframework.boot.web.servlet.context.AnnotationConfigServletWebServerApplicationContext Line:590 - Refreshing org.springframework.boot.web.servlet.context.AnnotationConfigServletWebServerApplicationContext@37f1104d: startup date [Fri May 04 18:21:47 CST 2018]; root of context hierarchy
===2018-05-04 18:21:48.724 INFO  org.springframework.data.repository.config.RepositoryConfigurationDelegate Line:163 - Multiple Spring Data modules found, entering strict repository configuration mode!
===2018-05-04 18:21:49.792 INFO  org.springframework.context.support.PostProcessorRegistrationDelegate$BeanPostProcessorChecker Line:328 - Bean 'org.springframework.transaction.annotation.ProxyTransactionManagementConfiguration' of type [org.springframework.transaction.annotation.ProxyTransactionManagementConfiguration$$EnhancerBySpringCGLIB$$f112c2c7] is not eligible for getting processed by all BeanPostProcessors (for example: not eligible for auto-proxying)
===2018-05-04 18:21:50.547 INFO  org.springframework.boot.web.embedded.tomcat.TomcatWebServer Line:91  - Tomcat initialized with port(s): 80 (http)
===2018-05-04 18:21:50.682 INFO  org.springframework.web.context.ContextLoader Line:285 - Root WebApplicationContext: initialization completed in 3421 ms
===2018-05-04 18:21:50.947 INFO  org.springframework.boot.web.servlet.ServletRegistrationBean Line:185 - Servlet dispatcherServlet mapped to [/]
===2018-05-04 18:21:50.950 INFO  org.springframework.boot.web.servlet.ServletRegistrationBean Line:185 - Servlet statViewServlet mapped to [/druid/*]
===2018-05-04 18:21:50.956 INFO  org.springframework.boot.web.servlet.FilterRegistrationBean Line:244 - Mapping filter: 'characterEncodingFilter' to: [/*]
===2018-05-04 18:21:50.957 INFO  org.springframework.boot.web.servlet.FilterRegistrationBean Line:244 - Mapping filter: 'hiddenHttpMethodFilter' to: [/*]
===2018-05-04 18:21:50.957 INFO  org.springframework.boot.web.servlet.FilterRegistrationBean Line:244 - Mapping filter: 'httpPutFormContentFilter' to: [/*]
===2018-05-04 18:21:50.957 INFO  org.springframework.boot.web.servlet.FilterRegistrationBean Line:244 - Mapping filter: 'requestContextFilter' to: [/*]
===2018-05-04 18:21:50.958 INFO  org.springframework.boot.web.servlet.FilterRegistrationBean Line:257 - Mapping filter: 'webStatFilter' to urls: [/*]
===2018-05-04 18:38:25.581 INFO  com.core.tbIetpCoreApplication Line:50  - Starting tbIetpCoreApplication on KING with PID 10168 (E:\founder\work-tvm\tbIetp-core\target\classes started by user in E:\founder\work-tvm\tbIetp-core)
===2018-05-04 18:38:25.584 INFO  com.core.tbIetpCoreApplication Line:663 - The following profiles are active: dev
===2018-05-04 18:38:25.734 INFO  org.springframework.boot.web.servlet.context.AnnotationConfigServletWebServerApplicationContext Line:590 - Refreshing org.springframework.boot.web.servlet.context.AnnotationConfigServletWebServerApplicationContext@55740540: startup date [Fri May 04 18:38:25 CST 2018]; root of context hierarchy
===2018-05-04 18:38:27.060 INFO  org.springframework.data.repository.config.RepositoryConfigurationDelegate Line:163 - Multiple Spring Data modules found, entering strict repository configuration mode!
===2018-05-04 18:38:27.997 INFO  org.springframework.context.support.PostProcessorRegistrationDelegate$BeanPostProcessorChecker Line:328 - Bean 'org.springframework.transaction.annotation.ProxyTransactionManagementConfiguration' of type [org.springframework.transaction.annotation.ProxyTransactionManagementConfiguration$$EnhancerBySpringCGLIB$$d79f1f33] is not eligible for getting processed by all BeanPostProcessors (for example: not eligible for auto-proxying)
===2018-05-04 18:38:29.047 INFO  org.springframework.boot.web.embedded.tomcat.TomcatWebServer Line:91  - Tomcat initialized with port(s): 80 (http)
===2018-05-04 18:38:29.241 INFO  org.springframework.web.context.ContextLoader Line:285 - Root WebApplicationContext: initialization completed in 3507 ms
===2018-05-04 18:38:29.547 INFO  org.springframework.boot.web.servlet.ServletRegistrationBean Line:185 - Servlet dispatcherServlet mapped to [/]
===2018-05-04 18:38:29.550 INFO  org.springframework.boot.web.servlet.ServletRegistrationBean Line:185 - Servlet statViewServlet mapped to [/druid/*]
===2018-05-04 18:38:29.557 INFO  org.springframework.boot.web.servlet.FilterRegistrationBean Line:244 - Mapping filter: 'characterEncodingFilter' to: [/*]
===2018-05-04 18:38:29.558 INFO  org.springframework.boot.web.servlet.FilterRegistrationBean Line:244 - Mapping filter: 'hiddenHttpMethodFilter' to: [/*]
===2018-05-04 18:38:29.558 INFO  org.springframework.boot.web.servlet.FilterRegistrationBean Line:244 - Mapping filter: 'httpPutFormContentFilter' to: [/*]
===2018-05-04 18:38:29.558 INFO  org.springframework.boot.web.servlet.FilterRegistrationBean Line:244 - Mapping filter: 'requestContextFilter' to: [/*]
===2018-05-04 18:38:29.559 INFO  org.springframework.boot.web.servlet.FilterRegistrationBean Line:257 - Mapping filter: 'webStatFilter' to urls: [/*]
===2018-05-04 18:40:48.146 INFO  com.core.tbIetpCoreApplication Line:50  - Starting tbIetpCoreApplication on KING with PID 17176 (E:\founder\work-tvm\tbIetp-core\target\classes started by user in E:\founder\work-tvm\tbIetp-core)
===2018-05-04 18:40:48.148 INFO  com.core.tbIetpCoreApplication Line:663 - The following profiles are active: dev
===2018-05-04 18:40:48.326 INFO  org.springframework.boot.web.servlet.context.AnnotationConfigServletWebServerApplicationContext Line:590 - Refreshing org.springframework.boot.web.servlet.context.AnnotationConfigServletWebServerApplicationContext@37f1104d: startup date [Fri May 04 18:40:48 CST 2018]; root of context hierarchy
===2018-05-04 18:40:49.487 INFO  org.springframework.beans.factory.support.DefaultListableBeanFactory Line:824 - Overriding bean definition for bean 'primaryDataSource ' with a different definition: replacing [Root bean: class [null]; scope=; abstract=false; lazyInit=false; autowireMode=3; dependencyCheck=0; autowireCandidate=true; primary=false; factoryBeanName=dataSourceConfig; factoryMethodName=sqlSessionFactory; initMethodName=null; destroyMethodName=(inferred); defined in class path resource [com/core/config/DataSourceConfig.class]] with [Root bean: class [null]; scope=; abstract=false; lazyInit=false; autowireMode=3; dependencyCheck=0; autowireCandidate=true; primary=true; factoryBeanName=druidDBConfig; factoryMethodName=dataSource; initMethodName=null; destroyMethodName=(inferred); defined in class path resource [com/core/config/DruidDBConfig.class]]
===2018-05-04 18:40:49.489 INFO  org.springframework.beans.factory.support.DefaultListableBeanFactory Line:824 - Overriding bean definition for bean 'subordinationDataSource ' with a different definition: replacing [Root bean: class [null]; scope=; abstract=false; lazyInit=false; autowireMode=3; dependencyCheck=0; autowireCandidate=true; primary=false; factoryBeanName=dataSourceConfig2; factoryMethodName=sqlSessionFactory; initMethodName=null; destroyMethodName=(inferred); defined in class path resource [com/core/config/DataSourceConfig2.class]] with [Root bean: class [null]; scope=; abstract=false; lazyInit=false; autowireMode=3; dependencyCheck=0; autowireCandidate=true; primary=false; factoryBeanName=druidDBConfig2; factoryMethodName=dataSource; initMethodName=null; destroyMethodName=(inferred); defined in class path resource [com/core/config/DruidDBConfig2.class]]
===2018-05-04 18:40:49.783 INFO  org.springframework.data.repository.config.RepositoryConfigurationDelegate Line:163 - Multiple Spring Data modules found, entering strict repository configuration mode!
===2018-05-04 18:40:50.793 INFO  org.springframework.context.support.PostProcessorRegistrationDelegate$BeanPostProcessorChecker Line:328 - Bean 'org.springframework.transaction.annotation.ProxyTransactionManagementConfiguration' of type [org.springframework.transaction.annotation.ProxyTransactionManagementConfiguration$$EnhancerBySpringCGLIB$$4d72d455] is not eligible for getting processed by all BeanPostProcessors (for example: not eligible for auto-proxying)
===2018-05-04 18:40:51.628 INFO  org.springframework.boot.web.embedded.tomcat.TomcatWebServer Line:91  - Tomcat initialized with port(s): 80 (http)
===2018-05-04 18:40:51.790 INFO  org.springframework.web.context.ContextLoader Line:285 - Root WebApplicationContext: initialization completed in 3464 ms
===2018-05-04 18:40:52.036 INFO  org.springframework.boot.web.servlet.ServletRegistrationBean Line:185 - Servlet dispatcherServlet mapped to [/]
===2018-05-04 18:40:52.039 INFO  org.springframework.boot.web.servlet.ServletRegistrationBean Line:185 - Servlet statViewServlet mapped to [/druid/*]
===2018-05-04 18:40:52.043 INFO  org.springframework.boot.web.servlet.FilterRegistrationBean Line:244 - Mapping filter: 'characterEncodingFilter' to: [/*]
===2018-05-04 18:40:52.043 INFO  org.springframework.boot.web.servlet.FilterRegistrationBean Line:244 - Mapping filter: 'hiddenHttpMethodFilter' to: [/*]
===2018-05-04 18:40:52.045 INFO  org.springframework.boot.web.servlet.FilterRegistrationBean Line:244 - Mapping filter: 'httpPutFormContentFilter' to: [/*]
===2018-05-04 18:40:52.045 INFO  org.springframework.boot.web.servlet.FilterRegistrationBean Line:244 - Mapping filter: 'requestContextFilter' to: [/*]
===2018-05-04 18:40:52.045 INFO  org.springframework.boot.web.servlet.FilterRegistrationBean Line:257 - Mapping filter: 'webStatFilter' to urls: [/*]
===2018-05-04 18:40:53.457 INFO  org.springframework.web.servlet.handler.SimpleUrlHandlerMapping Line:373 - Mapped URL path [/**/favicon.ico] onto handler of type [class org.springframework.web.servlet.resource.ResourceHttpRequestHandler]
===2018-05-04 18:40:54.120 INFO  org.springframework.web.servlet.mvc.method.annotation.RequestMappingHandlerAdapter Line:574 - Looking for @ControllerAdvice: org.springframework.boot.web.servlet.context.AnnotationConfigServletWebServerApplicationContext@37f1104d: startup date [Fri May 04 18:40:48 CST 2018]; root of context hierarchy
===2018-05-04 18:40:54.246 INFO  org.springframework.web.servlet.mvc.method.annotation.RequestMappingHandlerMapping Line:547 - Mapped "{[/user/add],methods=[GET]}" onto public void com.core.controller.UserController.add()
===2018-05-04 18:40:54.248 INFO  org.springframework.web.servlet.mvc.method.annotation.RequestMappingHandlerMapping Line:547 - Mapped "{[/user/all],methods=[GET]}" onto public java.lang.Object com.core.controller.UserController.findAllUser(int,int)
===2018-05-04 18:40:54.256 INFO  org.springframework.web.servlet.mvc.method.annotation.RequestMappingHandlerMapping Line:547 - Mapped "{[/error]}" onto public org.springframework.http.ResponseEntity<java.util.Map<java.lang.String, java.lang.Object>> org.springframework.boot.autoconfigure.web.servlet.error.BasicErrorController.error(javax.servlet.http.HttpServletRequest)
===2018-05-04 18:40:54.256 INFO  org.springframework.web.servlet.mvc.method.annotation.RequestMappingHandlerMapping Line:547 - Mapped "{[/error],produces=[text/html]}" onto public org.springframework.web.servlet.ModelAndView org.springframework.boot.autoconfigure.web.servlet.error.BasicErrorController.errorHtml(javax.servlet.http.HttpServletRequest,javax.servlet.http.HttpServletResponse)
===2018-05-04 18:40:54.343 INFO  org.springframework.web.servlet.handler.SimpleUrlHandlerMapping Line:373 - Mapped URL path [/webjars/**] onto handler of type [class org.springframework.web.servlet.resource.ResourceHttpRequestHandler]
===2018-05-04 18:40:54.344 INFO  org.springframework.web.servlet.handler.SimpleUrlHandlerMapping Line:373 - Mapped URL path [/**] onto handler of type [class org.springframework.web.servlet.resource.ResourceHttpRequestHandler]
===2018-05-04 18:40:55.121 INFO  org.springframework.jmx.export.annotation.AnnotationMBeanExporter Line:433 - Registering beans for JMX exposure on startup
===2018-05-04 18:40:55.123 INFO  org.springframework.jmx.export.annotation.AnnotationMBeanExporter Line:895 - Bean with name 'primaryDataSource ' has been autodetected for JMX exposure
===2018-05-04 18:40:55.123 INFO  org.springframework.jmx.export.annotation.AnnotationMBeanExporter Line:895 - Bean with name 'subordinationDataSource ' has been autodetected for JMX exposure
===2018-05-04 18:40:55.138 INFO  org.springframework.jmx.export.annotation.AnnotationMBeanExporter Line:668 - Located MBean 'subordinationDataSource ': registering with JMX server as MBean [com.alibaba.druid.pool:name=subordinationDataSource ,type=DruidDataSource]
===2018-05-04 18:40:55.148 INFO  org.springframework.jmx.export.annotation.AnnotationMBeanExporter Line:668 - Located MBean 'primaryDataSource ': registering with JMX server as MBean [com.alibaba.druid.pool:name=primaryDataSource ,type=DruidDataSource]
===2018-05-04 18:40:55.357 INFO  org.springframework.boot.web.embedded.tomcat.TomcatWebServer Line:206 - Tomcat started on port(s): 80 (http) with context path ''
===2018-05-04 18:40:55.365 INFO  com.core.tbIetpCoreApplication Line:59  - Started tbIetpCoreApplication in 7.887 seconds (JVM running for 8.402)
===2018-05-04 18:47:56.413 INFO  com.core.tbIetpCoreApplication Line:50  - Starting tbIetpCoreApplication on KING with PID 10172 (E:\founder\work-tvm\tbIetp-core\target\classes started by user in E:\founder\work-tvm\tbIetp-core)
===2018-05-04 18:47:56.416 INFO  com.core.tbIetpCoreApplication Line:663 - The following profiles are active: dev
===2018-05-04 18:47:56.526 INFO  org.springframework.boot.web.servlet.context.AnnotationConfigServletWebServerApplicationContext Line:590 - Refreshing org.springframework.boot.web.servlet.context.AnnotationConfigServletWebServerApplicationContext@55740540: startup date [Fri May 04 18:47:56 CST 2018]; root of context hierarchy
===2018-05-04 18:47:57.784 INFO  org.springframework.beans.factory.support.DefaultListableBeanFactory Line:824 - Overriding bean definition for bean 'primaryDataSource' with a different definition: replacing [Root bean: class [null]; scope=; abstract=false; lazyInit=false; autowireMode=3; dependencyCheck=0; autowireCandidate=true; primary=false; factoryBeanName=dataSourceConfig; factoryMethodName=sqlSessionFactory; initMethodName=null; destroyMethodName=(inferred); defined in class path resource [com/core/config/DataSourceConfig.class]] with [Root bean: class [null]; scope=; abstract=false; lazyInit=false; autowireMode=3; dependencyCheck=0; autowireCandidate=true; primary=true; factoryBeanName=druidDBConfig; factoryMethodName=dataSource; initMethodName=null; destroyMethodName=(inferred); defined in class path resource [com/core/config/DruidDBConfig.class]]
===2018-05-04 18:47:57.786 INFO  org.springframework.beans.factory.support.DefaultListableBeanFactory Line:824 - Overriding bean definition for bean 'subordinationDataSource' with a different definition: replacing [Root bean: class [null]; scope=; abstract=false; lazyInit=false; autowireMode=3; dependencyCheck=0; autowireCandidate=true; primary=false; factoryBeanName=dataSourceConfig2; factoryMethodName=sqlSessionFactory; initMethodName=null; destroyMethodName=(inferred); defined in class path resource [com/core/config/DataSourceConfig2.class]] with [Root bean: class [null]; scope=; abstract=false; lazyInit=false; autowireMode=3; dependencyCheck=0; autowireCandidate=true; primary=false; factoryBeanName=druidDBConfig2; factoryMethodName=dataSource; initMethodName=null; destroyMethodName=(inferred); defined in class path resource [com/core/config/DruidDBConfig2.class]]
===2018-05-04 18:47:58.169 INFO  org.springframework.data.repository.config.RepositoryConfigurationDelegate Line:163 - Multiple Spring Data modules found, entering strict repository configuration mode!
===2018-05-04 18:47:58.872 INFO  org.springframework.context.support.PostProcessorRegistrationDelegate$BeanPostProcessorChecker Line:328 - Bean 'org.springframework.transaction.annotation.ProxyTransactionManagementConfiguration' of type [org.springframework.transaction.annotation.ProxyTransactionManagementConfiguration$$EnhancerBySpringCGLIB$$4d72d455] is not eligible for getting processed by all BeanPostProcessors (for example: not eligible for auto-proxying)
===2018-05-04 18:47:59.851 INFO  org.springframework.boot.web.embedded.tomcat.TomcatWebServer Line:91  - Tomcat initialized with port(s): 80 (http)
===2018-05-04 18:48:00.039 INFO  org.springframework.web.context.ContextLoader Line:285 - Root WebApplicationContext: initialization completed in 3513 ms
===2018-05-04 18:48:00.274 INFO  org.springframework.boot.web.servlet.ServletRegistrationBean Line:185 - Servlet dispatcherServlet mapped to [/]
===2018-05-04 18:48:00.280 INFO  org.springframework.boot.web.servlet.ServletRegistrationBean Line:185 - Servlet statViewServlet mapped to [/druid/*]
===2018-05-04 18:48:00.284 INFO  org.springframework.boot.web.servlet.FilterRegistrationBean Line:244 - Mapping filter: 'characterEncodingFilter' to: [/*]
===2018-05-04 18:48:00.284 INFO  org.springframework.boot.web.servlet.FilterRegistrationBean Line:244 - Mapping filter: 'hiddenHttpMethodFilter' to: [/*]
===2018-05-04 18:48:00.284 INFO  org.springframework.boot.web.servlet.FilterRegistrationBean Line:244 - Mapping filter: 'httpPutFormContentFilter' to: [/*]
===2018-05-04 18:48:00.284 INFO  org.springframework.boot.web.servlet.FilterRegistrationBean Line:244 - Mapping filter: 'requestContextFilter' to: [/*]
===2018-05-04 18:48:00.285 INFO  org.springframework.boot.web.servlet.FilterRegistrationBean Line:257 - Mapping filter: 'webStatFilter' to urls: [/*]
===2018-05-04 18:48:01.642 INFO  org.springframework.web.servlet.handler.SimpleUrlHandlerMapping Line:373 - Mapped URL path [/**/favicon.ico] onto handler of type [class org.springframework.web.servlet.resource.ResourceHttpRequestHandler]
===2018-05-04 18:48:02.141 INFO  org.springframework.web.servlet.mvc.method.annotation.RequestMappingHandlerAdapter Line:574 - Looking for @ControllerAdvice: org.springframework.boot.web.servlet.context.AnnotationConfigServletWebServerApplicationContext@55740540: startup date [Fri May 04 18:47:56 CST 2018]; root of context hierarchy
===2018-05-04 18:48:02.265 INFO  org.springframework.web.servlet.mvc.method.annotation.RequestMappingHandlerMapping Line:547 - Mapped "{[/user/add],methods=[GET]}" onto public void com.core.controller.UserController.add()
===2018-05-04 18:48:02.266 INFO  org.springframework.web.servlet.mvc.method.annotation.RequestMappingHandlerMapping Line:547 - Mapped "{[/user/all],methods=[GET]}" onto public java.lang.Object com.core.controller.UserController.findAllUser(int,int)
===2018-05-04 18:48:02.273 INFO  org.springframework.web.servlet.mvc.method.annotation.RequestMappingHandlerMapping Line:547 - Mapped "{[/error]}" onto public org.springframework.http.ResponseEntity<java.util.Map<java.lang.String, java.lang.Object>> org.springframework.boot.autoconfigure.web.servlet.error.BasicErrorController.error(javax.servlet.http.HttpServletRequest)
===2018-05-04 18:48:02.273 INFO  org.springframework.web.servlet.mvc.method.annotation.RequestMappingHandlerMapping Line:547 - Mapped "{[/error],produces=[text/html]}" onto public org.springframework.web.servlet.ModelAndView org.springframework.boot.autoconfigure.web.servlet.error.BasicErrorController.errorHtml(javax.servlet.http.HttpServletRequest,javax.servlet.http.HttpServletResponse)
===2018-05-04 18:48:02.334 INFO  org.springframework.web.servlet.handler.SimpleUrlHandlerMapping Line:373 - Mapped URL path [/webjars/**] onto handler of type [class org.springframework.web.servlet.resource.ResourceHttpRequestHandler]
===2018-05-04 18:48:02.334 INFO  org.springframework.web.servlet.handler.SimpleUrlHandlerMapping Line:373 - Mapped URL path [/**] onto handler of type [class org.springframework.web.servlet.resource.ResourceHttpRequestHandler]
===2018-05-04 18:48:02.914 INFO  org.springframework.jmx.export.annotation.AnnotationMBeanExporter Line:433 - Registering beans for JMX exposure on startup
===2018-05-04 18:48:02.916 INFO  org.springframework.jmx.export.annotation.AnnotationMBeanExporter Line:895 - Bean with name 'primaryDataSource' has been autodetected for JMX exposure
===2018-05-04 18:48:02.916 INFO  org.springframework.jmx.export.annotation.AnnotationMBeanExporter Line:895 - Bean with name 'subordinationDataSource' has been autodetected for JMX exposure
===2018-05-04 18:48:02.950 INFO  org.springframework.jmx.export.annotation.AnnotationMBeanExporter Line:668 - Located MBean 'primaryDataSource': registering with JMX server as MBean [com.alibaba.druid.pool:name=primaryDataSource,type=DruidDataSource]
===2018-05-04 18:48:02.953 INFO  org.springframework.jmx.export.annotation.AnnotationMBeanExporter Line:668 - Located MBean 'subordinationDataSource': registering with JMX server as MBean [com.alibaba.druid.pool:name=subordinationDataSource,type=DruidDataSource]
===2018-05-04 18:48:03.019 INFO  org.springframework.boot.web.embedded.tomcat.TomcatWebServer Line:206 - Tomcat started on port(s): 80 (http) with context path ''
===2018-05-04 18:48:03.038 INFO  com.core.tbIetpCoreApplication Line:59  - Started tbIetpCoreApplication in 7.263 seconds (JVM running for 7.709)
