===2018-07-21 14:21:55.897 INFO  com.core.alipayServiceCoreApplication Line:50  - Starting alipayServiceCoreApplication on wangzhongqiang with PID 9752 (E:\FounderCode\alipayOAuth\target\classes started by jian.wang in E:\FounderCode\alipayOAuth)
===2018-07-21 14:21:55.903 INFO  com.core.alipayServiceCoreApplication Line:663 - The following profiles are active: dev
===2018-07-21 14:21:56.171 INFO  org.springframework.boot.web.servlet.context.AnnotationConfigServletWebServerApplicationContext Line:590 - Refreshing org.springframework.boot.web.servlet.context.AnnotationConfigServletWebServerApplicationContext@37f1104d: startup date [Sat Jul 21 14:21:56 CST 2018]; root of context hierarchy
===2018-07-21 14:21:58.258 INFO  org.springframework.data.repository.config.RepositoryConfigurationDelegate Line:163 - Multiple Spring Data modules found, entering strict repository configuration mode!
===2018-07-21 14:21:59.407 INFO  org.springframework.context.support.PostProcessorRegistrationDelegate$BeanPostProcessorChecker Line:328 - Bean 'org.springframework.transaction.annotation.ProxyTransactionManagementConfiguration' of type [org.springframework.transaction.annotation.ProxyTransactionManagementConfiguration$$EnhancerBySpringCGLIB$$d33660c4] is not eligible for getting processed by all BeanPostProcessors (for example: not eligible for auto-proxying)
===2018-07-21 14:22:00.414 INFO  org.springframework.boot.web.embedded.tomcat.TomcatWebServer Line:91  - Tomcat initialized with port(s): 8084 (http)
===2018-07-21 14:22:00.708 INFO  org.springframework.web.context.ContextLoader Line:285 - Root WebApplicationContext: initialization completed in 4537 ms
===2018-07-21 14:22:01.062 INFO  org.springframework.boot.web.servlet.ServletRegistrationBean Line:185 - Servlet dispatcherServlet mapped to [/]
===2018-07-21 14:22:01.065 INFO  org.springframework.boot.web.servlet.ServletRegistrationBean Line:185 - Servlet statViewServlet mapped to [/druid/*]
===2018-07-21 14:22:01.071 INFO  org.springframework.boot.web.servlet.FilterRegistrationBean Line:244 - Mapping filter: 'characterEncodingFilter' to: [/*]
===2018-07-21 14:22:01.071 INFO  org.springframework.boot.web.servlet.FilterRegistrationBean Line:244 - Mapping filter: 'hiddenHttpMethodFilter' to: [/*]
===2018-07-21 14:22:01.072 INFO  org.springframework.boot.web.servlet.FilterRegistrationBean Line:244 - Mapping filter: 'httpPutFormContentFilter' to: [/*]
===2018-07-21 14:22:01.072 INFO  org.springframework.boot.web.servlet.FilterRegistrationBean Line:244 - Mapping filter: 'requestContextFilter' to: [/*]
===2018-07-21 14:22:01.072 INFO  org.springframework.boot.web.servlet.FilterRegistrationBean Line:257 - Mapping filter: 'webStatFilter' to urls: [/*]
===2018-07-21 14:22:02.898 INFO  org.springframework.web.servlet.handler.SimpleUrlHandlerMapping Line:373 - Mapped URL path [/**/favicon.ico] onto handler of type [class org.springframework.web.servlet.resource.ResourceHttpRequestHandler]
===2018-07-21 14:22:03.488 INFO  org.springframework.web.servlet.mvc.method.annotation.RequestMappingHandlerAdapter Line:574 - Looking for @ControllerAdvice: org.springframework.boot.web.servlet.context.AnnotationConfigServletWebServerApplicationContext@37f1104d: startup date [Sat Jul 21 14:21:56 CST 2018]; root of context hierarchy
===2018-07-21 14:22:03.636 INFO  org.springframework.web.servlet.mvc.method.annotation.RequestMappingHandlerMapping Line:547 - Mapped "{[/alipay/refund],methods=[POST]}" onto public java.lang.String com.core.controller.alipay.AliPayController.aliRefund(com.core.common.model.AlipayInfo,org.springframework.ui.ModelMap)
===2018-07-21 14:22:03.638 INFO  org.springframework.web.servlet.mvc.method.annotation.RequestMappingHandlerMapping Line:547 - Mapped "{[/alipay/pay]}" onto public java.lang.String com.core.controller.alipay.AliPayController.getAuthCode(javax.servlet.http.HttpServletRequest)
===2018-07-21 14:22:03.638 INFO  org.springframework.web.servlet.mvc.method.annotation.RequestMappingHandlerMapping Line:547 - Mapped "{[/alipay/authNotifyUrl]}" onto public org.springframework.web.servlet.ModelAndView com.core.controller.alipay.AliPayController.getTest1(javax.servlet.http.HttpServletRequest,javax.servlet.http.HttpServletResponse,java.lang.String,java.lang.String,java.lang.String)
===2018-07-21 14:22:03.639 INFO  org.springframework.web.servlet.mvc.method.annotation.RequestMappingHandlerMapping Line:547 - Mapped "{[/alipay/alipayNotifyUrl],methods=[POST]}" onto public java.lang.String com.core.controller.alipay.AliPayController.alipayNotify(javax.servlet.http.HttpServletRequest,javax.servlet.http.HttpServletResponse) throws java.lang.Exception
===2018-07-21 14:22:03.640 INFO  org.springframework.web.servlet.mvc.method.annotation.RequestMappingHandlerMapping Line:547 - Mapped "{[/alipay/alipayReturnUrl]}" onto public java.lang.String com.core.controller.alipay.AliPayController.returnUrl(javax.servlet.http.HttpServletRequest,javax.servlet.http.HttpServletResponse) throws java.lang.Exception
===2018-07-21 14:22:03.653 INFO  org.springframework.web.servlet.mvc.method.annotation.RequestMappingHandlerMapping Line:547 - Mapped "{[/error]}" onto public org.springframework.http.ResponseEntity<java.util.Map<java.lang.String, java.lang.Object>> org.springframework.boot.autoconfigure.web.servlet.error.BasicErrorController.error(javax.servlet.http.HttpServletRequest)
===2018-07-21 14:22:03.653 INFO  org.springframework.web.servlet.mvc.method.annotation.RequestMappingHandlerMapping Line:547 - Mapped "{[/error],produces=[text/html]}" onto public org.springframework.web.servlet.ModelAndView org.springframework.boot.autoconfigure.web.servlet.error.BasicErrorController.errorHtml(javax.servlet.http.HttpServletRequest,javax.servlet.http.HttpServletResponse)
===2018-07-21 14:22:03.749 INFO  org.springframework.web.servlet.handler.SimpleUrlHandlerMapping Line:373 - Mapped URL path [/webjars/**] onto handler of type [class org.springframework.web.servlet.resource.ResourceHttpRequestHandler]
===2018-07-21 14:22:03.749 INFO  org.springframework.web.servlet.handler.SimpleUrlHandlerMapping Line:373 - Mapped URL path [/**] onto handler of type [class org.springframework.web.servlet.resource.ResourceHttpRequestHandler]
===2018-07-21 14:22:03.985 INFO  org.springframework.boot.autoconfigure.web.servlet.WelcomePageHandlerMapping Line:61  - Adding welcome page template: index
===2018-07-21 14:22:04.802 INFO  org.springframework.jmx.export.annotation.AnnotationMBeanExporter Line:433 - Registering beans for JMX exposure on startup
===2018-07-21 14:22:04.804 INFO  org.springframework.jmx.export.annotation.AnnotationMBeanExporter Line:895 - Bean with name 'dataSource' has been autodetected for JMX exposure
===2018-07-21 14:22:04.814 INFO  org.springframework.jmx.export.annotation.AnnotationMBeanExporter Line:668 - Located MBean 'dataSource': registering with JMX server as MBean [com.alibaba.druid.pool:name=dataSource,type=DruidDataSource]
===2018-07-21 14:22:04.954 INFO  org.springframework.boot.web.embedded.tomcat.TomcatWebServer Line:206 - Tomcat started on port(s): 8084 (http) with context path ''
===2018-07-21 14:22:04.962 INFO  com.core.alipayServiceCoreApplication Line:59  - Started alipayServiceCoreApplication in 10.025 seconds (JVM running for 10.589)
===2018-07-21 14:23:27.601 INFO  org.springframework.web.servlet.DispatcherServlet Line:494 - FrameworkServlet 'dispatcherServlet': initialization started
===2018-07-21 14:23:27.632 INFO  org.springframework.web.servlet.DispatcherServlet Line:509 - FrameworkServlet 'dispatcherServlet': initialization completed in 31 ms
===2018-07-21 14:23:27.704 INFO  com.core.controller.alipay.AliPayController Line:62  - 支付宝退款
===2018-07-21 14:23:27.714 INFO  com.core.service.alipay.impl.AliPayServiceImpl Line:90  - 订单号：null支付宝退款
